framework/runtime/src/services/platform-services/notification/api/handlers/template-admin.handler.ts(22,13): error TS2322: Type 'string | undefined' is not assignable to type 'TemplateStatus | undefined'.
  Type 'string' is not assignable to type 'TemplateStatus | undefined'.
framework/runtime/src/services/platform/foundation/iam/mfa/mfa.middleware.ts(96,5): error TS2339: Property '_gracePeriodDays' does not exist on type 'MfaMiddlewareOptions'.
framework/runtime/src/services/platform/identity-access/entitlement-snapshot.service.ts(138,19): error TS2769: No overload matches this call.
  The last overload gave the following error.
    Argument of type '"core.entitlement_snapshot"' is not assignable to parameter of type 'TableExpression<DB, never>'.
framework/runtime/src/services/platform/identity-access/entitlement-snapshot.service.ts(147,22): error TS2769: No overload matches this call.
  Overload 1 of 3, '(table: "core.address" | "core.address_link" | "core.approval_comment" | "core.approval_definition" | "core.approval_instance" | "core.approval_task" | "core.attachment" | "core.audit_log" | ... 94 more ... | "ui.user_preference"): UpdateQueryBuilder<...>', gave the following error.
    Argument of type '"core.entitlement_snapshot"' is not assignable to parameter of type '"core.address" | "core.address_link" | "core.approval_comment" | "core.approval_definition" | "core.approval_instance" | "core.approval_task" | "core.attachment" | "core.audit_log" | ... 94 more ... | "ui.user_preference"'.
  Overload 2 of 3, '(table: `core.address as ${string}` | `core.address_link as ${string}` | `core.approval_comment as ${string}` | `core.approval_definition as ${string}` | `core.approval_instance as ${string}` | `core.approval_task as ${string}` | `core.attachment as ${string}` | `core.audit_log as ${string}` | `core.contact_phone as ${string}` | `core.contact_point as ${string}` | `core.document as ${string}` | `core.email_otp_instance as ${string}` | `core.entitlement as ${string}` | `core.entity_tag as ${string}` | `core.feature_flag as ${string}` | `core.field_access_log as ${string}` | ... 86 more ... | `ui.user_preference as ${string}`): UpdateQueryBuilder<...>', gave the following error.
    Argument of type '"core.entitlement_snapshot"' is not assignable to parameter of type '`core.address as ${string}` | `core.address_link as ${string}` | `core.approval_comment as ${string}` | `core.approval_definition as ${string}` | `core.approval_instance as ${string}` | `core.approval_task as ${string}` | `core.attachment as ${string}` | `core.audit_log as ${string}` | `core.contact_phone as ${strin...'.
  Overload 3 of 3, '(table: TableReference<DB>): UpdateQueryBuilder<{ [x: string]: address | address_link | approval_comment | approval_definition | ... 98 more ... | user_preference; }, any, any, UpdateResult>', gave the following error.
    Argument of type '"core.entitlement_snapshot"' is not assignable to parameter of type 'TableReference<DB>'.
framework/runtime/src/services/platform/identity-access/entitlement-snapshot.service.ts(157,21): error TS2345: Argument of type '"core.entitlement_snapshot"' is not assignable to parameter of type '"core.address" | "core.address_link" | "core.approval_comment" | "core.approval_definition" | "core.approval_instance" | "core.approval_task" | "core.attachment" | "core.audit_log" | ... 94 more ... | "ui.user_preference"'.
framework/runtime/src/services/platform/identity-access/entitlement-snapshot.service.ts(190,19): error TS2769: No overload matches this call.
  The last overload gave the following error.
    Argument of type '"core.entitlement_snapshot"' is not assignable to parameter of type 'TableExpression<DB, never>'.
framework/runtime/src/services/platform/identity-access/entitlement-snapshot.service.ts(191,8): error TS2769: No overload matches this call.
  Overload 1 of 3, '(selections: readonly SelectExpression<DB, "core.address" | "core.address_link" | "core.approval_comment" | "core.approval_definition" | "core.approval_instance" | "core.approval_task" | "core.attachment" | ... 95 more ... | "ui.user_preference">[]): SelectQueryBuilder<...>', gave the following error.
    Type '"snapshot"' is not assignable to type 'SelectExpression<DB, "core.address" | "core.address_link" | "core.approval_comment" | "core.approval_definition" | "core.approval_instance" | "core.approval_task" | "core.attachment" | ... 95 more ... | "ui.user_preference">'.
  Overload 2 of 3, '(callback: SelectCallback<DB, "core.address" | "core.address_link" | "core.approval_comment" | "core.approval_definition" | "core.approval_instance" | "core.approval_task" | "core.attachment" | ... 95 more ... | "ui.user_preference">): SelectQueryBuilder<...>', gave the following error.
    Argument of type 'string[]' is not assignable to parameter of type 'SelectCallback<DB, "core.address" | "core.address_link" | "core.approval_comment" | "core.approval_definition" | "core.approval_instance" | "core.approval_task" | "core.attachment" | ... 95 more ... | "ui.user_preference">'.
      Type 'string[]' provides no match for the signature '(eb: ExpressionBuilder<DB, "core.address" | "core.address_link" | "core.approval_comment" | "core.approval_definition" | "core.approval_instance" | "core.approval_task" | "core.attachment" | ... 95 more ... | "ui.user_preference">): readonly SelectExpression<...>[]'.
  Overload 3 of 3, '(selection: SelectExpression<DB, "core.address" | "core.address_link" | "core.approval_comment" | "core.approval_definition" | "core.approval_instance" | "core.approval_task" | "core.attachment" | ... 95 more ... | "ui.user_preference">): SelectQueryBuilder<...>', gave the following error.
    Argument of type 'string[]' is not assignable to parameter of type 'SelectExpression<DB, "core.address" | "core.address_link" | "core.approval_comment" | "core.approval_definition" | "core.approval_instance" | "core.approval_task" | "core.attachment" | ... 95 more ... | "ui.user_preference">'.
framework/runtime/src/services/platform/identity-access/entitlement-snapshot.service.ts(230,19): error TS2769: No overload matches this call.
  The last overload gave the following error.
    Argument of type '"core.entitlement_snapshot"' is not assignable to parameter of type 'TableExpression<DB, never>'.
framework/runtime/src/services/platform/identity-access/entitlement-snapshot.service.ts(231,15): error TS2769: No overload matches this call.
  Overload 1 of 3, '(selections: readonly SelectExpression<DB, "core.address" | "core.address_link" | "core.approval_comment" | "core.approval_definition" | "core.approval_instance" | "core.approval_task" | "core.attachment" | ... 95 more ... | "ui.user_preference">[]): SelectQueryBuilder<...>', gave the following error.
    Argument of type 'string' is not assignable to parameter of type 'readonly SelectExpression<DB, "core.address" | "core.address_link" | "core.approval_comment" | "core.approval_definition" | "core.approval_instance" | "core.approval_task" | "core.attachment" | ... 95 more ... | "ui.user_preference">[]'.
  Overload 2 of 3, '(callback: SelectCallback<DB, "core.address" | "core.address_link" | "core.approval_comment" | "core.approval_definition" | "core.approval_instance" | "core.approval_task" | "core.attachment" | ... 95 more ... | "ui.user_preference">): SelectQueryBuilder<...>', gave the following error.
    Argument of type 'string' is not assignable to parameter of type 'SelectCallback<DB, "core.address" | "core.address_link" | "core.approval_comment" | "core.approval_definition" | "core.approval_instance" | "core.approval_task" | "core.attachment" | ... 95 more ... | "ui.user_preference">'.
  Overload 3 of 3, '(selection: SelectExpression<DB, "core.address" | "core.address_link" | "core.approval_comment" | "core.approval_definition" | "core.approval_instance" | "core.approval_task" | "core.attachment" | ... 95 more ... | "ui.user_preference">): SelectQueryBuilder<...>', gave the following error.
    Argument of type '"snapshot"' is not assignable to parameter of type 'SelectExpression<DB, "core.address" | "core.address_link" | "core.approval_comment" | "core.approval_definition" | "core.approval_instance" | "core.approval_task" | "core.attachment" | ... 95 more ... | "ui.user_preference">'.
framework/runtime/src/services/platform/identity-access/entitlement-snapshot.service.ts(245,19): error TS2769: No overload matches this call.
  The last overload gave the following error.
    Argument of type '"core.entitlement_snapshot"' is not assignable to parameter of type 'TableReference<DB>'.
framework/runtime/src/services/platform/identity-access/entitlement-snapshot.service.ts(301,19): error TS2769: No overload matches this call.
  The last overload gave the following error.
    Argument of type '"core.entitlement_snapshot"' is not assignable to parameter of type 'TableReference<DB>'.
framework/runtime/src/services/platform/identity-access/group-sync.service.ts(73,24): error TS2769: No overload matches this call.
  Overload 1 of 3, '(table: "core.address" | "core.address_link" | "core.approval_comment" | "core.approval_definition" | "core.approval_instance" | "core.approval_task" | "core.attachment" | "core.audit_log" | ... 94 more ... | "ui.user_preference"): UpdateQueryBuilder<...>', gave the following error.
    Argument of type '"core.group"' is not assignable to parameter of type '"core.address" | "core.address_link" | "core.approval_comment" | "core.approval_definition" | "core.approval_instance" | "core.approval_task" | "core.attachment" | "core.audit_log" | ... 94 more ... | "ui.user_preference"'.
  Overload 2 of 3, '(table: `core.address as ${string}` | `core.address_link as ${string}` | `core.approval_comment as ${string}` | `core.approval_definition as ${string}` | `core.approval_instance as ${string}` | `core.approval_task as ${string}` | `core.attachment as ${string}` | `core.audit_log as ${string}` | `core.contact_phone as ${string}` | `core.contact_point as ${string}` | `core.document as ${string}` | `core.email_otp_instance as ${string}` | `core.entitlement as ${string}` | `core.entity_tag as ${string}` | `core.feature_flag as ${string}` | `core.field_access_log as ${string}` | ... 86 more ... | `ui.user_preference as ${string}`): UpdateQueryBuilder<...>', gave the following error.
    Argument of type '"core.group"' is not assignable to parameter of type '`core.address as ${string}` | `core.address_link as ${string}` | `core.approval_comment as ${string}` | `core.approval_definition as ${string}` | `core.approval_instance as ${string}` | `core.approval_task as ${string}` | `core.attachment as ${string}` | `core.audit_log as ${string}` | `core.contact_phone as ${strin...'.
  Overload 3 of 3, '(table: TableReference<DB>): UpdateQueryBuilder<{ [x: string]: address | address_link | approval_comment | approval_definition | ... 98 more ... | user_preference; }, any, any, UpdateResult>', gave the following error.
    Argument of type '"core.group"' is not assignable to parameter of type 'TableReference<DB>'.
framework/runtime/src/services/platform/identity-access/group-sync.service.ts(84,19): error TS2345: Argument of type '"core.group"' is not assignable to parameter of type '"core.address" | "core.address_link" | "core.approval_comment" | "core.approval_definition" | "core.approval_instance" | "core.approval_task" | "core.attachment" | "core.audit_log" | ... 94 more ... | "ui.user_preference"'.
framework/runtime/src/services/platform/identity-access/group-sync.service.ts(129,19): error TS2345: Argument of type '"core.group"' is not assignable to parameter of type '"core.address" | "core.address_link" | "core.approval_comment" | "core.approval_definition" | "core.approval_instance" | "core.approval_task" | "core.attachment" | "core.audit_log" | ... 94 more ... | "ui.user_preference"'.
framework/runtime/src/services/platform/identity-access/group-sync.service.ts(166,19): error TS2769: No overload matches this call.
  The last overload gave the following error.
    Argument of type '"core.group"' is not assignable to parameter of type 'TableExpression<DB, never>'.
framework/runtime/src/services/platform/identity-access/group-sync.service.ts(182,7): error TS2322: Type 'string | number' is not assignable to type 'string'.
  Type 'number' is not assignable to type 'string'.
framework/runtime/src/services/platform/identity-access/group-sync.service.ts(183,7): error TS2322: Type 'ExtractColumnType<DB, "core.address" | "core.address_link" | "core.approval_comment" | "core.approval_definition" | "core.approval_instance" | "core.approval_task" | "core.attachment" | ... 95 more ... | "ui.user_preference", "tenant_id">' is not assignable to type 'string'.
  Type 'null' is not assignable to type 'string'.
framework/runtime/src/services/platform/identity-access/group-sync.service.ts(184,7): error TS2322: Type 'ExtractColumnType<DB, "core.address" | "core.address_link" | "core.approval_comment" | "core.approval_definition" | "core.approval_instance" | "core.approval_task" | "core.attachment" | ... 95 more ... | "ui.user_preference", "code">' is not assignable to type 'string'.
  Type 'null' is not assignable to type 'string'.
framework/runtime/src/services/platform/identity-access/group-sync.service.ts(185,7): error TS2322: Type 'ExtractColumnType<DB, "core.address" | "core.address_link" | "core.approval_comment" | "core.approval_definition" | "core.approval_instance" | "core.approval_task" | "core.attachment" | ... 95 more ... | "ui.user_preference", "name">' is not assignable to type 'string'.
  Type 'null' is not assignable to type 'string'.
framework/runtime/src/services/platform/identity-access/group-sync.service.ts(200,19): error TS2769: No overload matches this call.
  The last overload gave the following error.
    Argument of type '"core.group"' is not assignable to parameter of type 'TableExpression<DB, never>'.
framework/runtime/src/services/platform/identity-access/group-sync.service.ts(217,7): error TS2322: Type 'string | number' is not assignable to type 'string'.
  Type 'number' is not assignable to type 'string'.
framework/runtime/src/services/platform/identity-access/group-sync.service.ts(218,7): error TS2322: Type 'ExtractColumnType<DB, "core.address" | "core.address_link" | "core.approval_comment" | "core.approval_definition" | "core.approval_instance" | "core.approval_task" | "core.attachment" | ... 95 more ... | "ui.user_preference", "tenant_id">' is not assignable to type 'string'.
  Type 'null' is not assignable to type 'string'.
framework/runtime/src/services/platform/identity-access/group-sync.service.ts(219,7): error TS2322: Type 'ExtractColumnType<DB, "core.address" | "core.address_link" | "core.approval_comment" | "core.approval_definition" | "core.approval_instance" | "core.approval_task" | "core.attachment" | ... 95 more ... | "ui.user_preference", "code">' is not assignable to type 'string'.
  Type 'null' is not assignable to type 'string'.
framework/runtime/src/services/platform/identity-access/group-sync.service.ts(220,7): error TS2322: Type 'ExtractColumnType<DB, "core.address" | "core.address_link" | "core.approval_comment" | "core.approval_definition" | "core.approval_instance" | "core.approval_task" | "core.attachment" | ... 95 more ... | "ui.user_preference", "name">' is not assignable to type 'string'.
  Type 'null' is not assignable to type 'string'.
framework/runtime/src/services/platform/identity-access/group-sync.service.ts(303,9): error TS2353: Object literal may only specify known properties, and 'valid_from' does not exist in type 'InsertExpression<DB, "core.group_member">'.
framework/runtime/src/services/platform/identity-access/group-sync.service.ts(329,18): error TS2345: Argument of type '"core.group as g"' is not assignable to parameter of type 'TableExpression<DB & { gm: GroupMember; }, "gm">'.
framework/runtime/src/services/platform/identity-access/group-sync.service.ts(330,8): error TS2349: This expression is not callable.
  Each member of the union type '{ <SE extends SelectExpression<DB & { gm: GroupMember; }, "gm">>(selections: readonly SE[]): SelectQueryBuilder<DB & { gm: GroupMember; }, "gm", { [E in FlattenSelectExpression<SE> as ExtractAliasFromSelectExpression<...>]: SelectType<...>; }>; <CB extends SelectCallback<...>>(callback: CB): SelectQueryBuilder<...>;...' has signatures, but none of those signatures are compatible with each other.
framework/runtime/src/services/platform/identity-access/group-sync.service.ts(341,15): error TS7006: Parameter 'eb' implicitly has an 'any' type.
framework/runtime/src/services/platform/identity-access/group-sync.service.ts(347,15): error TS7006: Parameter 'eb' implicitly has an 'any' type.
framework/runtime/src/services/platform/identity-access/group-sync.service.ts(355,25): error TS7006: Parameter 'r' implicitly has an 'any' type.
framework/runtime/src/services/platform/identity-access/group-sync.service.ts(379,19): error TS2769: No overload matches this call.
  The last overload gave the following error.
    Argument of type '"core.group"' is not assignable to parameter of type 'TableExpression<DB, never>'.
framework/runtime/src/services/platform/identity-access/group-sync.service.ts(405,5): error TS2322: Type '{ id: string | number; tenantId: ExtractColumnType<DB, "core.address" | "core.address_link" | "core.approval_comment" | "core.approval_definition" | "core.approval_instance" | "core.approval_task" | ... 96 more ... | "ui.user_preference", "tenant_id">; ... 4 more ...; isActive: boolean; }[]' is not assignable to type 'GroupInfo[]'.
  Type '{ id: string | number; tenantId: ExtractColumnType<DB, "core.address" | "core.address_link" | "core.approval_comment" | "core.approval_definition" | "core.approval_instance" | "core.approval_task" | ... 96 more ... | "ui.user_preference", "tenant_id">; ... 4 more ...; isActive: boolean; }' is not assignable to type 'GroupInfo'.
    Types of property 'id' are incompatible.
      Type 'string | number' is not assignable to type 'string'.
        Type 'number' is not assignable to type 'string'.
framework/runtime/src/services/platform/identity-access/identity-mapper.service.ts(153,14): error TS2345: Argument of type '"realm"' is not assignable to parameter of type 'ReferenceExpression<DB, "core.idp_identity">'.
framework/runtime/src/services/platform/identity-access/identity-mapper.service.ts(154,14): error TS2345: Argument of type '"provider"' is not assignable to parameter of type 'ReferenceExpression<DB, "core.idp_identity">'.
framework/runtime/src/services/platform/identity-access/identity-mapper.service.ts(155,14): error TS2345: Argument of type '"subject"' is not assignable to parameter of type 'ReferenceExpression<DB, "core.idp_identity">'.
framework/runtime/src/services/platform/identity-access/identity-mapper.service.ts(182,11): error TS2353: Object literal may only specify known properties, and 'status' does not exist in type 'InsertExpression<DB, "core.principal">'.
framework/runtime/src/services/platform/identity-access/identity-mapper.service.ts(207,11): error TS2353: Object literal may only specify known properties, and 'realm' does not exist in type 'InsertExpression<DB, "core.idp_identity">'.
framework/runtime/src/services/platform/identity-access/identity-mapper.service.ts(272,8): error TS2769: No overload matches this call.
  Overload 1 of 3, '(selections: readonly SelectExpression<DB, "core.principal">[]): SelectQueryBuilder<DB, "core.principal", { [x: string]: any; email: string | null; realm_key: string; created_at: Date; ... 30 more ...; idp_timezone: string | null; }>', gave the following error.
    Type '"status"' is not assignable to type 'SelectExpression<DB, "core.principal">'.
  Overload 2 of 3, '(callback: SelectCallback<DB, "core.principal">): SelectQueryBuilder<DB, "core.principal", { [x: string]: any; email: string | null; realm_key: string; created_at: Date; ... 30 more ...; idp_timezone: string | null; }>', gave the following error.
    Argument of type 'string[]' is not assignable to parameter of type 'SelectCallback<DB, "core.principal">'.
      Type 'string[]' provides no match for the signature '(eb: ExpressionBuilder<DB, "core.principal">): readonly SelectExpression<DB, "core.principal">[]'.
  Overload 3 of 3, '(selection: SelectExpression<DB, "core.principal">): SelectQueryBuilder<DB, "core.principal", { [x: string]: any; email: string | null; realm_key: string; created_at: Date; ... 30 more ...; idp_timezone: string | null; }>', gave the following error.
    Argument of type 'string[]' is not assignable to parameter of type 'SelectExpression<DB, "core.principal">'.
framework/runtime/src/services/platform/identity-access/identity-mapper.service.ts(283,5): error TS2322: Type '{ [x: string]: any; email: string | null; realm_key: string; created_at: Date; id: string; tenant_id: string; principal_type: string; created_by: string; updated_at: Date | null; ... 25 more ...; idp_timezone: string | null; } | undefined' is not assignable to type '{ id: string; tenant_id: string; principal_type: string; status: string; display_name: string | null; email: string | null; } | undefined'.
  Property 'status' is missing in type '{ [x: string]: any; email: string | null; realm_key: string; created_at: Date; id: string; tenant_id: string; principal_type: string; created_by: string; updated_at: Date | null; ... 25 more ...; idp_timezone: string | null; }' but required in type '{ id: string; tenant_id: string; principal_type: string; status: string; display_name: string | null; email: string | null; }'.
framework/runtime/src/services/platform/identity-access/identity-mapper.service.ts(322,15): error TS2769: No overload matches this call.
  Overload 3 of 3, '(selection: SelectExpression<DB, "core.principal_profile">): SelectQueryBuilder<DB, "core.principal_profile", { [x: string]: any; created_at: Date; id: string; ... 14 more ...; disabled_date: Date | null; }>', gave the following error.
    Argument of type 'string[]' is not assignable to parameter of type 'SelectExpression<DB, "core.principal_profile">'.
framework/runtime/src/services/platform/identity-access/identity-mapper.service.ts(329,15): error TS2769: No overload matches this call.
  Overload 3 of 3, '(selection: SelectExpression<DB, "core.idp_identity">): SelectQueryBuilder<DB, "core.idp_identity", { [x: string]: any; created_at: Date; id: string; tenant_id: string; ... 16 more ...; raw_claims: unknown; }>', gave the following error.
    Argument of type 'string[]' is not assignable to parameter of type 'SelectExpression<DB, "core.idp_identity">'.
framework/runtime/src/services/platform/identity-access/identity-mapper.service.ts(335,7): error TS2322: Type '{ [x: string]: any; created_at: Date; id: string; tenant_id: string; created_by: string; updated_at: Date | null; updated_by: string | null; locale: string | null; principal_id: string; ... 8 more ...; disabled_date: Date | null; } | undefined' is not assignable to type '{ id: string; locale: string | null; language: string | null; avatar_url: string | null; } | undefined'.
  Type '{ [x: string]: any; created_at: Date; id: string; tenant_id: string; created_by: string; updated_at: Date | null; updated_by: string | null; locale: string | null; principal_id: string; ... 8 more ...; disabled_date: Date | null; }' is missing the following properties from type '{ id: string; locale: string | null; language: string | null; avatar_url: string | null; }': language, avatar_url
framework/runtime/src/services/platform/identity-access/identity-mapper.service.ts(336,7): error TS2322: Type '{ [x: string]: any; created_at: Date; id: string; tenant_id: string; created_by: string; updated_at: Date | null; updated_by: string | null; principal_id: string; idp_name: string; ... 11 more ...; raw_claims: unknown; }[]' is not assignable to type '{ id: string; realm: string; provider: string; subject: string; username: string | null; }[]'.
  Type '{ [x: string]: any; created_at: Date; id: string; tenant_id: string; created_by: string; updated_at: Date | null; updated_by: string | null; principal_id: string; idp_name: string; ... 11 more ...; raw_claims: unknown; }' is missing the following properties from type '{ id: string; realm: string; provider: string; subject: string; username: string | null; }': realm, provider, subject, username
framework/runtime/src/services/platform/identity-access/identity-mapper.service.ts(375,9): error TS2353: Object literal may only specify known properties, and 'realm' does not exist in type 'InsertExpression<DB, "core.idp_identity">'.
framework/runtime/src/services/platform/identity-access/identity-mapper.service.ts(404,14): error TS2353: Object literal may only specify known properties, and 'status' does not exist in type 'UpdateObjectExpression<DB, "core.principal", "core.principal">'.
framework/runtime/src/services/platform/identity-access/identity-mapper.service.ts(447,8): error TS2769: No overload matches this call.
  Overload 1 of 3, '(selections: readonly SelectExpression<DB, "core.principal">[]): SelectQueryBuilder<DB, "core.principal", { [x: string]: any; email: string | null; realm_key: string; created_at: Date; ... 30 more ...; idp_timezone: string | null; }>', gave the following error.
    Type '"status"' is not assignable to type 'SelectExpression<DB, "core.principal">'.
  Overload 2 of 3, '(callback: SelectCallback<DB, "core.principal">): SelectQueryBuilder<DB, "core.principal", { [x: string]: any; email: string | null; realm_key: string; created_at: Date; ... 30 more ...; idp_timezone: string | null; }>', gave the following error.
    Argument of type 'string[]' is not assignable to parameter of type 'SelectCallback<DB, "core.principal">'.
      Type 'string[]' provides no match for the signature '(eb: ExpressionBuilder<DB, "core.principal">): readonly SelectExpression<DB, "core.principal">[]'.
  Overload 3 of 3, '(selection: SelectExpression<DB, "core.principal">): SelectQueryBuilder<DB, "core.principal", { [x: string]: any; email: string | null; realm_key: string; created_at: Date; ... 30 more ...; idp_timezone: string | null; }>', gave the following error.
    Argument of type 'string[]' is not assignable to parameter of type 'SelectExpression<DB, "core.principal">'.
framework/runtime/src/services/platform/identity-access/identity-mapper.service.ts(455,27): error TS2345: Argument of type '"status"' is not assignable to parameter of type 'ReferenceExpression<DB, "core.principal">'.
framework/runtime/src/services/platform/identity-access/identity-mapper.service.ts(473,5): error TS2322: Type '{ [x: string]: any; email: string | null; realm_key: string; created_at: Date; id: string; tenant_id: string; principal_type: string; created_by: string; updated_at: Date | null; ... 25 more ...; idp_timezone: string | null; }[]' is not assignable to type '{ id: string; principal_type: string; status: string; display_name: string | null; email: string | null; }[]'.
  Property 'status' is missing in type '{ [x: string]: any; email: string | null; realm_key: string; created_at: Date; id: string; tenant_id: string; principal_type: string; created_by: string; updated_at: Date | null; ... 25 more ...; idp_timezone: string | null; }' but required in type '{ id: string; principal_type: string; status: string; display_name: string | null; email: string | null; }'.
framework/runtime/src/services/platform/identity-access/ou-membership.service.ts(79,19): error TS2345: Argument of type '"core.ou_node"' is not assignable to parameter of type '"core.address" | "core.address_link" | "core.approval_comment" | "core.approval_definition" | "core.approval_instance" | "core.approval_task" | "core.attachment" | "core.audit_log" | ... 94 more ... | "ui.user_preference"'.
framework/runtime/src/services/platform/identity-access/ou-membership.service.ts(121,19): error TS2769: No overload matches this call.
  The last overload gave the following error.
    Argument of type '"core.ou_node"' is not assignable to parameter of type 'TableExpression<DB, never>'.
framework/runtime/src/services/platform/identity-access/ou-membership.service.ts(122,8): error TS2769: No overload matches this call.
  Overload 1 of 3, '(selections: readonly SelectExpression<DB, "core.address" | "core.address_link" | "core.approval_comment" | "core.approval_definition" | "core.approval_instance" | "core.approval_task" | "core.attachment" | ... 95 more ... | "ui.user_preference">[]): SelectQueryBuilder<...>', gave the following error.
    Type '"depth"' is not assignable to type 'SelectExpression<DB, "core.address" | "core.address_link" | "core.approval_comment" | "core.approval_definition" | "core.approval_instance" | "core.approval_task" | "core.attachment" | ... 95 more ... | "ui.user_preference">'.
  Overload 2 of 3, '(callback: SelectCallback<DB, "core.address" | "core.address_link" | "core.approval_comment" | "core.approval_definition" | "core.approval_instance" | "core.approval_task" | "core.attachment" | ... 95 more ... | "ui.user_preference">): SelectQueryBuilder<...>', gave the following error.
    Argument of type 'string[]' is not assignable to parameter of type 'SelectCallback<DB, "core.address" | "core.address_link" | "core.approval_comment" | "core.approval_definition" | "core.approval_instance" | "core.approval_task" | "core.attachment" | ... 95 more ... | "ui.user_preference">'.
      Type 'string[]' provides no match for the signature '(eb: ExpressionBuilder<DB, "core.address" | "core.address_link" | "core.approval_comment" | "core.approval_definition" | "core.approval_instance" | "core.approval_task" | "core.attachment" | ... 95 more ... | "ui.user_preference">): readonly SelectExpression<...>[]'.
  Overload 3 of 3, '(selection: SelectExpression<DB, "core.address" | "core.address_link" | "core.approval_comment" | "core.approval_definition" | "core.approval_instance" | "core.approval_task" | "core.attachment" | ... 95 more ... | "ui.user_preference">): SelectQueryBuilder<...>', gave the following error.
    Argument of type 'string[]' is not assignable to parameter of type 'SelectExpression<DB, "core.address" | "core.address_link" | "core.approval_comment" | "core.approval_definition" | "core.approval_instance" | "core.approval_task" | "core.attachment" | ... 95 more ... | "ui.user_preference">'.
framework/runtime/src/services/platform/identity-access/ou-membership.service.ts(138,7): error TS2322: Type 'string | number' is not assignable to type 'string'.
  Type 'number' is not assignable to type 'string'.
framework/runtime/src/services/platform/identity-access/ou-membership.service.ts(139,7): error TS2322: Type 'ExtractColumnType<DB, "core.address" | "core.address_link" | "core.approval_comment" | "core.approval_definition" | "core.approval_instance" | "core.approval_task" | "core.attachment" | ... 95 more ... | "ui.user_preference", "tenant_id">' is not assignable to type 'string'.
  Type 'null' is not assignable to type 'string'.
framework/runtime/src/services/platform/identity-access/ou-membership.service.ts(140,7): error TS2322: Type 'ExtractColumnType<DB, "core.address" | "core.address_link" | "core.approval_comment" | "core.approval_definition" | "core.approval_instance" | "core.approval_task" | "core.attachment" | ... 95 more ... | "ui.user_preference", "code">' is not assignable to type 'string'.
  Type 'null' is not assignable to type 'string'.
framework/runtime/src/services/platform/identity-access/ou-membership.service.ts(141,7): error TS2322: Type 'ExtractColumnType<DB, "core.address" | "core.address_link" | "core.approval_comment" | "core.approval_definition" | "core.approval_instance" | "core.approval_task" | "core.attachment" | ... 95 more ... | "ui.user_preference", "name">' is not assignable to type 'string'.
  Type 'null' is not assignable to type 'string'.
framework/runtime/src/services/platform/identity-access/ou-membership.service.ts(157,19): error TS2769: No overload matches this call.
  The last overload gave the following error.
    Argument of type '"core.ou_node"' is not assignable to parameter of type 'TableExpression<DB, never>'.
framework/runtime/src/services/platform/identity-access/ou-membership.service.ts(158,8): error TS2769: No overload matches this call.
  Overload 1 of 3, '(selections: readonly SelectExpression<DB, "core.address" | "core.address_link" | "core.approval_comment" | "core.approval_definition" | "core.approval_instance" | "core.approval_task" | "core.attachment" | ... 95 more ... | "ui.user_preference">[]): SelectQueryBuilder<...>', gave the following error.
    Type '"depth"' is not assignable to type 'SelectExpression<DB, "core.address" | "core.address_link" | "core.approval_comment" | "core.approval_definition" | "core.approval_instance" | "core.approval_task" | "core.attachment" | ... 95 more ... | "ui.user_preference">'.
  Overload 2 of 3, '(callback: SelectCallback<DB, "core.address" | "core.address_link" | "core.approval_comment" | "core.approval_definition" | "core.approval_instance" | "core.approval_task" | "core.attachment" | ... 95 more ... | "ui.user_preference">): SelectQueryBuilder<...>', gave the following error.
    Argument of type 'string[]' is not assignable to parameter of type 'SelectCallback<DB, "core.address" | "core.address_link" | "core.approval_comment" | "core.approval_definition" | "core.approval_instance" | "core.approval_task" | "core.attachment" | ... 95 more ... | "ui.user_preference">'.
      Type 'string[]' provides no match for the signature '(eb: ExpressionBuilder<DB, "core.address" | "core.address_link" | "core.approval_comment" | "core.approval_definition" | "core.approval_instance" | "core.approval_task" | "core.attachment" | ... 95 more ... | "ui.user_preference">): readonly SelectExpression<...>[]'.
  Overload 3 of 3, '(selection: SelectExpression<DB, "core.address" | "core.address_link" | "core.approval_comment" | "core.approval_definition" | "core.approval_instance" | "core.approval_task" | "core.attachment" | ... 95 more ... | "ui.user_preference">): SelectQueryBuilder<...>', gave the following error.
    Argument of type 'string[]' is not assignable to parameter of type 'SelectExpression<DB, "core.address" | "core.address_link" | "core.approval_comment" | "core.approval_definition" | "core.approval_instance" | "core.approval_task" | "core.attachment" | ... 95 more ... | "ui.user_preference">'.
framework/runtime/src/services/platform/identity-access/ou-membership.service.ts(175,7): error TS2322: Type 'string | number' is not assignable to type 'string'.
  Type 'number' is not assignable to type 'string'.
framework/runtime/src/services/platform/identity-access/ou-membership.service.ts(176,7): error TS2322: Type 'ExtractColumnType<DB, "core.address" | "core.address_link" | "core.approval_comment" | "core.approval_definition" | "core.approval_instance" | "core.approval_task" | "core.attachment" | ... 95 more ... | "ui.user_preference", "tenant_id">' is not assignable to type 'string'.
  Type 'null' is not assignable to type 'string'.
framework/runtime/src/services/platform/identity-access/ou-membership.service.ts(177,7): error TS2322: Type 'ExtractColumnType<DB, "core.address" | "core.address_link" | "core.approval_comment" | "core.approval_definition" | "core.approval_instance" | "core.approval_task" | "core.attachment" | ... 95 more ... | "ui.user_preference", "code">' is not assignable to type 'string'.
  Type 'null' is not assignable to type 'string'.
framework/runtime/src/services/platform/identity-access/ou-membership.service.ts(178,7): error TS2322: Type 'ExtractColumnType<DB, "core.address" | "core.address_link" | "core.approval_comment" | "core.approval_definition" | "core.approval_instance" | "core.approval_task" | "core.attachment" | ... 95 more ... | "ui.user_preference", "name">' is not assignable to type 'string'.
  Type 'null' is not assignable to type 'string'.
framework/runtime/src/services/platform/identity-access/ou-membership.service.ts(233,19): error TS2769: No overload matches this call.
  The last overload gave the following error.
    Argument of type '"core.principal_attribute"' is not assignable to parameter of type 'TableReference<DB>'.
framework/runtime/src/services/platform/identity-access/ou-membership.service.ts(235,14): error TS2345: Argument of type '"attr_key"' is not assignable to parameter of type 'ReferenceExpression<DB, "core.address" | "core.address_link" | "core.approval_comment" | "core.approval_definition" | "core.approval_instance" | "core.approval_task" | "core.attachment" | ... 95 more ... | "ui.user_preference">'.
framework/runtime/src/services/platform/identity-access/ou-membership.service.ts(273,22): error TS2769: No overload matches this call.
  Overload 1 of 3, '(table: "core.address" | "core.address_link" | "core.approval_comment" | "core.approval_definition" | "core.approval_instance" | "core.approval_task" | "core.attachment" | "core.audit_log" | ... 94 more ... | "ui.user_preference"): UpdateQueryBuilder<...>', gave the following error.
    Argument of type '"core.principal_attribute"' is not assignable to parameter of type '"core.address" | "core.address_link" | "core.approval_comment" | "core.approval_definition" | "core.approval_instance" | "core.approval_task" | "core.attachment" | "core.audit_log" | ... 94 more ... | "ui.user_preference"'.
  Overload 2 of 3, '(table: `core.address as ${string}` | `core.address_link as ${string}` | `core.approval_comment as ${string}` | `core.approval_definition as ${string}` | `core.approval_instance as ${string}` | `core.approval_task as ${string}` | `core.attachment as ${string}` | `core.audit_log as ${string}` | `core.contact_phone as ${string}` | `core.contact_point as ${string}` | `core.document as ${string}` | `core.email_otp_instance as ${string}` | `core.entitlement as ${string}` | `core.entity_tag as ${string}` | `core.feature_flag as ${string}` | `core.field_access_log as ${string}` | ... 86 more ... | `ui.user_preference as ${string}`): UpdateQueryBuilder<...>', gave the following error.
    Argument of type '"core.principal_attribute"' is not assignable to parameter of type '`core.address as ${string}` | `core.address_link as ${string}` | `core.approval_comment as ${string}` | `core.approval_definition as ${string}` | `core.approval_instance as ${string}` | `core.approval_task as ${string}` | `core.attachment as ${string}` | `core.audit_log as ${string}` | `core.contact_phone as ${strin...'.
  Overload 3 of 3, '(table: TableReference<DB>): UpdateQueryBuilder<{ [x: string]: address | address_link | approval_comment | approval_definition | ... 98 more ... | user_preference; }, any, any, UpdateResult>', gave the following error.
    Argument of type '"core.principal_attribute"' is not assignable to parameter of type 'TableReference<DB>'.
framework/runtime/src/services/platform/identity-access/ou-membership.service.ts(280,16): error TS2345: Argument of type '"attr_key"' is not assignable to parameter of type 'ReferenceExpression<DB, "core.address" | "core.address_link" | "core.approval_comment" | "core.approval_definition" | "core.approval_instance" | "core.approval_task" | "core.attachment" | ... 95 more ... | "ui.user_preference">'.
framework/runtime/src/services/platform/identity-access/ou-membership.service.ts(284,21): error TS2345: Argument of type '"core.principal_attribute"' is not assignable to parameter of type '"core.address" | "core.address_link" | "core.approval_comment" | "core.approval_definition" | "core.approval_instance" | "core.approval_task" | "core.attachment" | "core.audit_log" | ... 94 more ... | "ui.user_preference"'.
framework/runtime/src/services/platform/identity-access/ou-membership.service.ts(308,19): error TS2769: No overload matches this call.
  The last overload gave the following error.
    Argument of type '"core.principal_attribute"' is not assignable to parameter of type 'TableExpression<DB, never>'.
framework/runtime/src/services/platform/identity-access/ou-membership.service.ts(309,15): error TS2769: No overload matches this call.
  Overload 3 of 3, '(selection: SelectExpression<DB, "core.address" | "core.address_link" | "core.approval_comment" | "core.approval_definition" | "core.approval_instance" | "core.approval_task" | "core.attachment" | ... 95 more ... | "ui.user_preference">): SelectQueryBuilder<...>', gave the following error.
    Argument of type 'string[]' is not assignable to parameter of type 'SelectExpression<DB, "core.address" | "core.address_link" | "core.approval_comment" | "core.approval_definition" | "core.approval_instance" | "core.approval_task" | "core.attachment" | ... 95 more ... | "ui.user_preference">'.
framework/runtime/src/services/platform/identity-access/ou-membership.service.ts(311,14): error TS2345: Argument of type '"attr_key"' is not assignable to parameter of type 'ReferenceExpression<DB, "core.address" | "core.address_link" | "core.approval_comment" | "core.approval_definition" | "core.approval_instance" | "core.approval_task" | "core.attachment" | ... 95 more ... | "ui.user_preference">'.
framework/runtime/src/services/platform/identity-access/ou-membership.service.ts(313,19): error TS2345: Argument of type '"valid_from"' is not assignable to parameter of type 'ReferenceExpression<DB, "core.address" | "core.address_link" | "core.approval_comment" | "core.approval_definition" | "core.approval_instance" | "core.approval_task" | "core.attachment" | ... 95 more ... | "ui.user_preference">'.
framework/runtime/src/services/platform/identity-access/ou-membership.service.ts(313,49): error TS2345: Argument of type '"valid_from"' is not assignable to parameter of type 'ReferenceExpression<DB, "core.address" | "core.address_link" | "core.approval_comment" | "core.approval_definition" | "core.approval_instance" | "core.approval_task" | "core.attachment" | ... 95 more ... | "ui.user_preference">'.
framework/runtime/src/services/platform/identity-access/ou-membership.service.ts(316,19): error TS2345: Argument of type '"valid_until"' is not assignable to parameter of type 'ReferenceExpression<DB, "core.address" | "core.address_link" | "core.approval_comment" | "core.approval_definition" | "core.approval_instance" | "core.approval_task" | "core.attachment" | ... 95 more ... | "ui.user_preference">'.
framework/runtime/src/services/platform/identity-access/ou-membership.service.ts(316,50): error TS2345: Argument of type '"valid_until"' is not assignable to parameter of type 'ReferenceExpression<DB, "core.address" | "core.address_link" | "core.approval_comment" | "core.approval_definition" | "core.approval_instance" | "core.approval_task" | "core.attachment" | ... 95 more ... | "ui.user_preference">'.
framework/runtime/src/services/platform/identity-access/ou-membership.service.ts(338,19): error TS2769: No overload matches this call.
  The last overload gave the following error.
    Argument of type '"core.principal_attribute"' is not assignable to parameter of type 'TableExpression<DB, never>'.
framework/runtime/src/services/platform/identity-access/ou-membership.service.ts(339,15): error TS2769: No overload matches this call.
  Overload 3 of 3, '(selection: SelectExpression<DB, "core.address" | "core.address_link" | "core.approval_comment" | "core.approval_definition" | "core.approval_instance" | "core.approval_task" | "core.attachment" | ... 95 more ... | "ui.user_preference">): SelectQueryBuilder<...>', gave the following error.
    Argument of type 'string[]' is not assignable to parameter of type 'SelectExpression<DB, "core.address" | "core.address_link" | "core.approval_comment" | "core.approval_definition" | "core.approval_instance" | "core.approval_task" | "core.attachment" | ... 95 more ... | "ui.user_preference">'.
framework/runtime/src/services/platform/identity-access/ou-membership.service.ts(342,19): error TS2345: Argument of type '"valid_from"' is not assignable to parameter of type 'ReferenceExpression<DB, "core.address" | "core.address_link" | "core.approval_comment" | "core.approval_definition" | "core.approval_instance" | "core.approval_task" | "core.attachment" | ... 95 more ... | "ui.user_preference">'.
framework/runtime/src/services/platform/identity-access/ou-membership.service.ts(342,49): error TS2345: Argument of type '"valid_from"' is not assignable to parameter of type 'ReferenceExpression<DB, "core.address" | "core.address_link" | "core.approval_comment" | "core.approval_definition" | "core.approval_instance" | "core.approval_task" | "core.attachment" | ... 95 more ... | "ui.user_preference">'.
framework/runtime/src/services/platform/identity-access/ou-membership.service.ts(345,19): error TS2345: Argument of type '"valid_until"' is not assignable to parameter of type 'ReferenceExpression<DB, "core.address" | "core.address_link" | "core.approval_comment" | "core.approval_definition" | "core.approval_instance" | "core.approval_task" | "core.attachment" | ... 95 more ... | "ui.user_preference">'.
framework/runtime/src/services/platform/identity-access/ou-membership.service.ts(345,50): error TS2345: Argument of type '"valid_until"' is not assignable to parameter of type 'ReferenceExpression<DB, "core.address" | "core.address_link" | "core.approval_comment" | "core.approval_definition" | "core.approval_instance" | "core.approval_task" | "core.attachment" | ... 95 more ... | "ui.user_preference">'.
framework/runtime/src/services/platform/identity-access/ou-membership.service.ts(384,19): error TS2769: No overload matches this call.
  The last overload gave the following error.
    Argument of type '"core.ou_node"' is not assignable to parameter of type 'TableExpression<DB, never>'.
framework/runtime/src/services/platform/identity-access/ou-membership.service.ts(385,8): error TS2769: No overload matches this call.
  Overload 1 of 3, '(selections: readonly SelectExpression<DB, "core.address" | "core.address_link" | "core.approval_comment" | "core.approval_definition" | "core.approval_instance" | "core.approval_task" | "core.attachment" | ... 95 more ... | "ui.user_preference">[]): SelectQueryBuilder<...>', gave the following error.
    Type '"depth"' is not assignable to type 'SelectExpression<DB, "core.address" | "core.address_link" | "core.approval_comment" | "core.approval_definition" | "core.approval_instance" | "core.approval_task" | "core.attachment" | ... 95 more ... | "ui.user_preference">'.
  Overload 2 of 3, '(callback: SelectCallback<DB, "core.address" | "core.address_link" | "core.approval_comment" | "core.approval_definition" | "core.approval_instance" | "core.approval_task" | "core.attachment" | ... 95 more ... | "ui.user_preference">): SelectQueryBuilder<...>', gave the following error.
    Argument of type 'string[]' is not assignable to parameter of type 'SelectCallback<DB, "core.address" | "core.address_link" | "core.approval_comment" | "core.approval_definition" | "core.approval_instance" | "core.approval_task" | "core.attachment" | ... 95 more ... | "ui.user_preference">'.
      Type 'string[]' provides no match for the signature '(eb: ExpressionBuilder<DB, "core.address" | "core.address_link" | "core.approval_comment" | "core.approval_definition" | "core.approval_instance" | "core.approval_task" | "core.attachment" | ... 95 more ... | "ui.user_preference">): readonly SelectExpression<...>[]'.
  Overload 3 of 3, '(selection: SelectExpression<DB, "core.address" | "core.address_link" | "core.approval_comment" | "core.approval_definition" | "core.approval_instance" | "core.approval_task" | "core.attachment" | ... 95 more ... | "ui.user_preference">): SelectQueryBuilder<...>', gave the following error.
    Argument of type 'string[]' is not assignable to parameter of type 'SelectExpression<DB, "core.address" | "core.address_link" | "core.approval_comment" | "core.approval_definition" | "core.approval_instance" | "core.approval_task" | "core.attachment" | ... 95 more ... | "ui.user_preference">'.
framework/runtime/src/services/platform/identity-access/ou-membership.service.ts(415,5): error TS2322: Type '{ id: string | number; tenantId: ExtractColumnType<DB, "core.address" | "core.address_link" | "core.approval_comment" | "core.approval_definition" | "core.approval_instance" | "core.approval_task" | ... 96 more ... | "ui.user_preference", "tenant_id">; ... 5 more ...; isActive: boolean; }[]' is not assignable to type 'OUNodeInfo[]'.
  Type '{ id: string | number; tenantId: ExtractColumnType<DB, "core.address" | "core.address_link" | "core.approval_comment" | "core.approval_definition" | "core.approval_instance" | "core.approval_task" | ... 96 more ... | "ui.user_preference", "tenant_id">; ... 5 more ...; isActive: boolean; }' is not assignable to type 'OUNodeInfo'.
    Types of property 'id' are incompatible.
      Type 'string | number' is not assignable to type 'string'.
        Type 'number' is not assignable to type 'string'.
framework/runtime/src/services/platform/identity-access/ou-membership.service.ts(435,19): error TS2769: No overload matches this call.
  The last overload gave the following error.
    Argument of type '"core.ou_node"' is not assignable to parameter of type 'TableExpression<DB, never>'.
framework/runtime/src/services/platform/identity-access/ou-membership.service.ts(436,8): error TS2769: No overload matches this call.
  Overload 1 of 3, '(selections: readonly SelectExpression<DB, "core.address" | "core.address_link" | "core.approval_comment" | "core.approval_definition" | "core.approval_instance" | "core.approval_task" | "core.attachment" | ... 95 more ... | "ui.user_preference">[]): SelectQueryBuilder<...>', gave the following error.
    Type '"depth"' is not assignable to type 'SelectExpression<DB, "core.address" | "core.address_link" | "core.approval_comment" | "core.approval_definition" | "core.approval_instance" | "core.approval_task" | "core.attachment" | ... 95 more ... | "ui.user_preference">'.
  Overload 2 of 3, '(callback: SelectCallback<DB, "core.address" | "core.address_link" | "core.approval_comment" | "core.approval_definition" | "core.approval_instance" | "core.approval_task" | "core.attachment" | ... 95 more ... | "ui.user_preference">): SelectQueryBuilder<...>', gave the following error.
    Argument of type 'string[]' is not assignable to parameter of type 'SelectCallback<DB, "core.address" | "core.address_link" | "core.approval_comment" | "core.approval_definition" | "core.approval_instance" | "core.approval_task" | "core.attachment" | ... 95 more ... | "ui.user_preference">'.
      Type 'string[]' provides no match for the signature '(eb: ExpressionBuilder<DB, "core.address" | "core.address_link" | "core.approval_comment" | "core.approval_definition" | "core.approval_instance" | "core.approval_task" | "core.attachment" | ... 95 more ... | "ui.user_preference">): readonly SelectExpression<...>[]'.
  Overload 3 of 3, '(selection: SelectExpression<DB, "core.address" | "core.address_link" | "core.approval_comment" | "core.approval_definition" | "core.approval_instance" | "core.approval_task" | "core.attachment" | ... 95 more ... | "ui.user_preference">): SelectQueryBuilder<...>', gave the following error.
    Argument of type 'string[]' is not assignable to parameter of type 'SelectExpression<DB, "core.address" | "core.address_link" | "core.approval_comment" | "core.approval_definition" | "core.approval_instance" | "core.approval_task" | "core.attachment" | ... 95 more ... | "ui.user_preference">'.
framework/runtime/src/services/platform/identity-access/ou-membership.service.ts(451,5): error TS2322: Type '{ id: string | number; tenantId: ExtractColumnType<DB, "core.address" | "core.address_link" | "core.approval_comment" | "core.approval_definition" | "core.approval_instance" | "core.approval_task" | ... 96 more ... | "ui.user_preference", "tenant_id">; ... 5 more ...; isActive: boolean; }[]' is not assignable to type 'OUNodeInfo[]'.
  Type '{ id: string | number; tenantId: ExtractColumnType<DB, "core.address" | "core.address_link" | "core.approval_comment" | "core.approval_definition" | "core.approval_instance" | "core.approval_task" | ... 96 more ... | "ui.user_preference", "tenant_id">; ... 5 more ...; isActive: boolean; }' is not assignable to type 'OUNodeInfo'.
    Types of property 'id' are incompatible.
      Type 'string | number' is not assignable to type 'string'.
        Type 'number' is not assignable to type 'string'.
framework/runtime/src/services/platform/identity-access/role-binding.service.ts(201,11): error TS2353: Object literal may only specify known properties, and 'scope_mode' does not exist in type 'InsertExpression<DB, "core.role">'.
framework/runtime/src/services/platform/identity-access/role-binding.service.ts(247,9): error TS2353: Object literal may only specify known properties, and 'scope_mode' does not exist in type 'InsertExpression<DB, "core.role">'.
framework/runtime/src/services/platform/identity-access/role-binding.service.ts(269,15): error TS2769: No overload matches this call.
  Overload 3 of 3, '(selection: SelectExpression<DB, "core.role">): SelectQueryBuilder<DB, "core.role", { [x: string]: any; code: string; name: string; created_at: Date; id: string; description: string | null; ... 5 more ...; category: string | null; }>', gave the following error.
    Argument of type 'string[]' is not assignable to parameter of type 'SelectExpression<DB, "core.role">'.
framework/runtime/src/services/platform/identity-access/role-binding.service.ts(291,15): error TS2769: No overload matches this call.
  Overload 3 of 3, '(selection: SelectExpression<DB, "core.role">): SelectQueryBuilder<DB, "core.role", { [x: string]: any; code: string; name: string; created_at: Date; id: string; description: string | null; ... 5 more ...; category: string | null; }>', gave the following error.
    Argument of type 'string[]' is not assignable to parameter of type 'SelectExpression<DB, "core.role">'.
framework/runtime/src/services/platform/identity-access/role-binding.service.ts(333,19): error TS2345: Argument of type '"core.role_binding"' is not assignable to parameter of type '"core.address" | "core.address_link" | "core.approval_comment" | "core.approval_definition" | "core.approval_instance" | "core.approval_task" | "core.attachment" | "core.audit_log" | ... 94 more ... | "ui.user_preference"'.
framework/runtime/src/services/platform/identity-access/role-binding.service.ts(379,19): error TS2769: No overload matches this call.
  The last overload gave the following error.
    Argument of type '"core.role_binding"' is not assignable to parameter of type 'TableReference<DB>'.
framework/runtime/src/services/platform/identity-access/role-binding.service.ts(402,19): error TS2769: No overload matches this call.
  The last overload gave the following error.
    Argument of type '"core.role_binding as rb"' is not assignable to parameter of type 'TableExpression<DB, never>'.
framework/runtime/src/services/platform/identity-access/role-binding.service.ts(403,44): error TS2345: Argument of type '"rb.role_id"' is not assignable to parameter of type 'AnyJoinColumn<DB, "core.address" | "core.address_link" | "core.approval_comment" | "core.approval_definition" | "core.approval_instance" | "core.approval_task" | "core.attachment" | ... 95 more ... | "ui.user_preference", "core.role as r"> | AnyJoinColumnWithTable<...>'.
framework/runtime/src/services/platform/identity-access/role-binding.service.ts(404,15): error TS2769: No overload matches this call.
  Overload 3 of 3, '(selection: SelectExpression<DB & { r: Role; }, "core.address" | "core.address_link" | "core.approval_comment" | "core.approval_definition" | "core.approval_instance" | "core.approval_task" | ... 97 more ... | "r">): SelectQueryBuilder<...>', gave the following error.
    Argument of type 'string[]' is not assignable to parameter of type 'SelectExpression<DB & { r: Role; }, "core.address" | "core.address_link" | "core.approval_comment" | "core.approval_definition" | "core.approval_instance" | "core.approval_task" | ... 97 more ... | "r">'.
framework/runtime/src/services/platform/identity-access/role-binding.service.ts(420,14): error TS2345: Argument of type '"rb.tenant_id"' is not assignable to parameter of type 'ReferenceExpression<DB & { r: Role; }, "core.address" | "core.address_link" | "core.approval_comment" | "core.approval_definition" | "core.approval_instance" | "core.approval_task" | ... 97 more ... | "r">'.
framework/runtime/src/services/platform/identity-access/role-binding.service.ts(421,14): error TS2345: Argument of type '"rb.principal_id"' is not assignable to parameter of type 'ReferenceExpression<DB & { r: Role; }, "core.address" | "core.address_link" | "core.approval_comment" | "core.approval_definition" | "core.approval_instance" | "core.approval_task" | ... 97 more ... | "r">'.
framework/runtime/src/services/platform/identity-access/role-binding.service.ts(422,14): error TS2345: Argument of type '"r.is_active"' is not assignable to parameter of type 'ReferenceExpression<DB & { r: Role; }, "core.address" | "core.address_link" | "core.approval_comment" | "core.approval_definition" | "core.approval_instance" | "core.approval_task" | ... 97 more ... | "r">'.
framework/runtime/src/services/platform/identity-access/role-binding.service.ts(424,19): error TS2345: Argument of type '"rb.valid_from"' is not assignable to parameter of type 'ReferenceExpression<DB & { r: Role; }, "core.address" | "core.address_link" | "core.approval_comment" | "core.approval_definition" | "core.approval_instance" | "core.approval_task" | ... 97 more ... | "r">'.
framework/runtime/src/services/platform/identity-access/role-binding.service.ts(424,52): error TS2345: Argument of type '"rb.valid_from"' is not assignable to parameter of type 'ReferenceExpression<DB & { r: Role; }, "core.address" | "core.address_link" | "core.approval_comment" | "core.approval_definition" | "core.approval_instance" | "core.approval_task" | ... 97 more ... | "r">'.
framework/runtime/src/services/platform/identity-access/role-binding.service.ts(427,19): error TS2345: Argument of type '"rb.valid_until"' is not assignable to parameter of type 'ReferenceExpression<DB & { r: Role; }, "core.address" | "core.address_link" | "core.approval_comment" | "core.approval_definition" | "core.approval_instance" | "core.approval_task" | ... 97 more ... | "r">'.
framework/runtime/src/services/platform/identity-access/role-binding.service.ts(427,53): error TS2345: Argument of type '"rb.valid_until"' is not assignable to parameter of type 'ReferenceExpression<DB & { r: Role; }, "core.address" | "core.address_link" | "core.approval_comment" | "core.approval_definition" | "core.approval_instance" | "core.approval_task" | ... 97 more ... | "r">'.
framework/runtime/src/services/platform/identity-access/role-binding.service.ts(437,19): error TS2345: Argument of type '"valid_from"' is not assignable to parameter of type 'ReferenceExpression<DB, "core.group_member">'.
framework/runtime/src/services/platform/identity-access/role-binding.service.ts(437,49): error TS2345: Argument of type '"valid_from"' is not assignable to parameter of type 'ReferenceExpression<DB, "core.group_member">'.
framework/runtime/src/services/platform/identity-access/role-binding.service.ts(440,19): error TS2345: Argument of type '"valid_until"' is not assignable to parameter of type 'ReferenceExpression<DB, "core.group_member">'.
framework/runtime/src/services/platform/identity-access/role-binding.service.ts(440,50): error TS2345: Argument of type '"valid_until"' is not assignable to parameter of type 'ReferenceExpression<DB, "core.group_member">'.
framework/runtime/src/services/platform/identity-access/role-binding.service.ts(450,21): error TS2769: No overload matches this call.
  The last overload gave the following error.
    Argument of type '"core.role_binding as rb"' is not assignable to parameter of type 'TableExpression<DB, never>'.
framework/runtime/src/services/platform/identity-access/role-binding.service.ts(451,46): error TS2345: Argument of type '"rb.role_id"' is not assignable to parameter of type 'AnyJoinColumn<DB, "core.address" | "core.address_link" | "core.approval_comment" | "core.approval_definition" | "core.approval_instance" | "core.approval_task" | "core.attachment" | ... 95 more ... | "ui.user_preference", "core.role as r"> | AnyJoinColumnWithTable<...>'.
framework/runtime/src/services/platform/identity-access/role-binding.service.ts(452,17): error TS2769: No overload matches this call.
  Overload 3 of 3, '(selection: SelectExpression<DB & { r: Role; }, "core.address" | "core.address_link" | "core.approval_comment" | "core.approval_definition" | "core.approval_instance" | "core.approval_task" | ... 97 more ... | "r">): SelectQueryBuilder<...>', gave the following error.
    Argument of type 'string[]' is not assignable to parameter of type 'SelectExpression<DB & { r: Role; }, "core.address" | "core.address_link" | "core.approval_comment" | "core.approval_definition" | "core.approval_instance" | "core.approval_task" | ... 97 more ... | "r">'.
framework/runtime/src/services/platform/identity-access/role-binding.service.ts(468,16): error TS2345: Argument of type '"rb.tenant_id"' is not assignable to parameter of type 'ReferenceExpression<DB & { r: Role; }, "core.address" | "core.address_link" | "core.approval_comment" | "core.approval_definition" | "core.approval_instance" | "core.approval_task" | ... 97 more ... | "r">'.
framework/runtime/src/services/platform/identity-access/role-binding.service.ts(469,16): error TS2345: Argument of type '"rb.group_id"' is not assignable to parameter of type 'ReferenceExpression<DB & { r: Role; }, "core.address" | "core.address_link" | "core.approval_comment" | "core.approval_definition" | "core.approval_instance" | "core.approval_task" | ... 97 more ... | "r">'.
framework/runtime/src/services/platform/identity-access/role-binding.service.ts(470,16): error TS2345: Argument of type '"r.is_active"' is not assignable to parameter of type 'ReferenceExpression<DB & { r: Role; }, "core.address" | "core.address_link" | "core.approval_comment" | "core.approval_definition" | "core.approval_instance" | "core.approval_task" | ... 97 more ... | "r">'.
framework/runtime/src/services/platform/identity-access/role-binding.service.ts(472,21): error TS2345: Argument of type '"rb.valid_from"' is not assignable to parameter of type 'ReferenceExpression<DB & { r: Role; }, "core.address" | "core.address_link" | "core.approval_comment" | "core.approval_definition" | "core.approval_instance" | "core.approval_task" | ... 97 more ... | "r">'.
framework/runtime/src/services/platform/identity-access/role-binding.service.ts(472,54): error TS2345: Argument of type '"rb.valid_from"' is not assignable to parameter of type 'ReferenceExpression<DB & { r: Role; }, "core.address" | "core.address_link" | "core.approval_comment" | "core.approval_definition" | "core.approval_instance" | "core.approval_task" | ... 97 more ... | "r">'.
framework/runtime/src/services/platform/identity-access/role-binding.service.ts(475,21): error TS2345: Argument of type '"rb.valid_until"' is not assignable to parameter of type 'ReferenceExpression<DB & { r: Role; }, "core.address" | "core.address_link" | "core.approval_comment" | "core.approval_definition" | "core.approval_instance" | "core.approval_task" | ... 97 more ... | "r">'.
framework/runtime/src/services/platform/identity-access/role-binding.service.ts(475,55): error TS2345: Argument of type '"rb.valid_until"' is not assignable to parameter of type 'ReferenceExpression<DB & { r: Role; }, "core.address" | "core.address_link" | "core.approval_comment" | "core.approval_definition" | "core.approval_instance" | "core.approval_task" | ... 97 more ... | "r">'.
framework/runtime/src/services/platform/identity-access/role-binding.service.ts(486,32): error TS2362: The left-hand side of an arithmetic operation must be of type 'any', 'number', 'bigint' or an enum type.
framework/runtime/src/services/platform/identity-access/role-binding.service.ts(486,45): error TS2363: The right-hand side of an arithmetic operation must be of type 'any', 'number', 'bigint' or an enum type.
framework/runtime/src/services/platform/identity-access/role-binding.service.ts(489,20): error TS2345: Argument of type 'ExtractColumnType<DB & { r: Role; }, "core.address" | "core.address_link" | "core.approval_comment" | "core.approval_definition" | "core.approval_instance" | "core.approval_task" | ... 97 more ... | "r", "code">' is not assignable to parameter of type 'string'.
  Type 'null' is not assignable to type 'string'.
framework/runtime/src/services/platform/identity-access/role-binding.service.ts(490,16): error TS2345: Argument of type 'ExtractColumnType<DB & { r: Role; }, "core.address" | "core.address_link" | "core.approval_comment" | "core.approval_definition" | "core.approval_instance" | "core.approval_task" | ... 97 more ... | "r", "code">' is not assignable to parameter of type 'string'.
  Type 'null' is not assignable to type 'string'.
framework/runtime/src/services/platform/identity-access/role-binding.service.ts(493,9): error TS2322: Type 'ExtractColumnType<DB & { r: Role; }, "core.address" | "core.address_link" | "core.approval_comment" | "core.approval_definition" | "core.approval_instance" | "core.approval_task" | ... 97 more ... | "r", "role_id">' is not assignable to type 'string'.
  Type 'null' is not assignable to type 'string'.
framework/runtime/src/services/platform/identity-access/role-binding.service.ts(494,9): error TS2322: Type 'ExtractColumnType<DB & { r: Role; }, "core.address" | "core.address_link" | "core.approval_comment" | "core.approval_definition" | "core.approval_instance" | "core.approval_task" | ... 97 more ... | "r", "tenant_id">' is not assignable to type 'string'.
  Type 'null' is not assignable to type 'string'.
framework/runtime/src/services/platform/identity-access/role-binding.service.ts(495,9): error TS2322: Type 'ExtractColumnType<DB & { r: Role; }, "core.address" | "core.address_link" | "core.approval_comment" | "core.approval_definition" | "core.approval_instance" | "core.approval_task" | ... 97 more ... | "r", "code">' is not assignable to type 'string'.
  Type 'null' is not assignable to type 'string'.
framework/runtime/src/services/platform/identity-access/role-binding.service.ts(496,9): error TS2322: Type 'ExtractColumnType<DB & { r: Role; }, "core.address" | "core.address_link" | "core.approval_comment" | "core.approval_definition" | "core.approval_instance" | "core.approval_task" | ... 97 more ... | "r", "name">' is not assignable to type 'string'.
  Type 'null' is not assignable to type 'string'.
framework/runtime/src/services/platform/identity-access/role-binding.service.ts(501,11): error TS2322: Type 'ExtractColumnType<DB & { r: Role; }, "core.address" | "core.address_link" | "core.approval_comment" | "core.approval_definition" | "core.approval_instance" | "core.approval_task" | ... 97 more ... | "r", "tenant_id">' is not assignable to type 'string'.
  Type 'null' is not assignable to type 'string'.
framework/runtime/src/services/platform/identity-access/role-binding.service.ts(502,11): error TS2322: Type 'ExtractColumnType<DB & { r: Role; }, "core.address" | "core.address_link" | "core.approval_comment" | "core.approval_definition" | "core.approval_instance" | "core.approval_task" | ... 97 more ... | "r", "role_id">' is not assignable to type 'string'.
  Type 'null' is not assignable to type 'string'.
framework/runtime/src/services/platform/identity-access/role-binding.service.ts(507,11): error TS2322: Type 'string | number' is not assignable to type 'number'.
  Type 'string' is not assignable to type 'number'.
framework/runtime/src/services/platform/identity-access/role-binding.service.ts(530,15): error TS2769: No overload matches this call.
  Overload 3 of 3, '(selection: SelectExpression<DB, "core.role">): SelectQueryBuilder<DB, "core.role", { [x: string]: any; code: string; name: string; created_at: Date; id: string; description: string | null; ... 5 more ...; category: string | null; }>', gave the following error.
    Argument of type 'string[]' is not assignable to parameter of type 'SelectExpression<DB, "core.role">'.
framework/runtime/src/services/platform/identity-access/role-binding.service.ts(534,27): error TS2345: Argument of type '"is_active"' is not assignable to parameter of type 'ReferenceExpression<DB, "core.role">'.
framework/runtime/src/services/platform/identity-access/tenant-resolver.service.ts(138,8): error TS2769: No overload matches this call.
  Overload 1 of 3, '(selections: readonly SelectExpression<DB, "core.tenant_profile">[]): SelectQueryBuilder<DB, "core.tenant_profile", { [x: string]: any; created_at: Date; id: string; tenant_id: string; ... 8 more ...; fiscal_year_start_month: number | null; }>', gave the following error.
    Type '"security_defaults"' is not assignable to type 'SelectExpression<DB, "core.tenant_profile">'.
  Overload 2 of 3, '(callback: SelectCallback<DB, "core.tenant_profile">): SelectQueryBuilder<DB, "core.tenant_profile", { [x: string]: any; created_at: Date; id: string; tenant_id: string; ... 8 more ...; fiscal_year_start_month: number | null; }>', gave the following error.
    Argument of type 'string[]' is not assignable to parameter of type 'SelectCallback<DB, "core.tenant_profile">'.
      Type 'string[]' provides no match for the signature '(eb: ExpressionBuilder<DB, "core.tenant_profile">): readonly SelectExpression<DB, "core.tenant_profile">[]'.
  Overload 3 of 3, '(selection: SelectExpression<DB, "core.tenant_profile">): SelectQueryBuilder<DB, "core.tenant_profile", { [x: string]: any; created_at: Date; id: string; tenant_id: string; ... 8 more ...; fiscal_year_start_month: number | null; }>', gave the following error.
    Argument of type 'string[]' is not assignable to parameter of type 'SelectExpression<DB, "core.tenant_profile">'.
framework/runtime/src/services/platform/identity-access/tenant-resolver.service.ts(177,11): error TS2353: Object literal may only specify known properties, and 'security_defaults' does not exist in type 'UpdateObjectExpression<DB, "core.tenant_profile", "core.tenant_profile">'.
framework/runtime/src/services/platform/identity-access/tenant-resolver.service.ts(195,11): error TS2353: Object literal may only specify known properties, and 'security_defaults' does not exist in type 'InsertExpression<DB, "core.tenant_profile">'.
framework/runtime/src/services/platform/meta/approval/approval.service.ts(50,5): error TS2322: Type '"rejected"' is not assignable to type '"completed" | "open" | "canceled"'.
framework/runtime/src/services/platform/meta/approval/approval.service.ts(219,17): error TS2345: Argument of type '{ id: `${string}-${string}-${string}-${string}-${string}`; tenant_id: string; entity_name: string; entity_id: string; transition_id: string; approval_template_id: string; status: string; context: string; created_at: Date; created_by: string; }' is not assignable to parameter of type 'InsertExpression<LifecycleDB, "core.approval_instance">'.
  Type '{ id: `${string}-${string}-${string}-${string}-${string}`; tenant_id: string; entity_name: string; entity_id: string; transition_id: string; approval_template_id: string; status: string; context: string; created_at: Date; created_by: string; }' is not assignable to type 'InsertObject<LifecycleDB, "core.approval_instance">'.
    Type '{ id: `${string}-${string}-${string}-${string}-${string}`; tenant_id: string; entity_name: string; entity_id: string; transition_id: string; approval_template_id: string; status: string; context: string; created_at: Date; created_by: string; }' is missing the following properties from type '{ tenant_id: ValueExpression<LifecycleDB, "core.approval_instance", string>; created_by: ValueExpression<LifecycleDB, "core.approval_instance", string>; ... 4 more ...; entity_name: ValueExpression<...>; }': entity_type, approval_definition_id, requested_by
framework/runtime/src/services/platform/meta/approval/approval.service.ts(260,21): error TS2345: Argument of type '{ id: `${string}-${string}-${string}-${string}-${string}`; tenant_id: string; approval_instance_id: `${string}-${string}-${string}-${string}-${string}`; approval_stage_id: `${string}-${string}-${string}-${string}-${string}`; assignee_principal_id: string | null; ... 8 more ...; created_at: Date; }' is not assignable to parameter of type 'InsertExpression<LifecycleDB, "core.approval_task">'.
  Type '{ id: `${string}-${string}-${string}-${string}-${string}`; tenant_id: string; approval_instance_id: `${string}-${string}-${string}-${string}-${string}`; approval_stage_id: `${string}-${string}-${string}-${string}-${string}`; assignee_principal_id: string | null; ... 8 more ...; created_at: Date; }' is not assignable to type 'InsertObject<LifecycleDB, "core.approval_task">'.
    Type '{ id: `${string}-${string}-${string}-${string}-${string}`; tenant_id: string; approval_instance_id: `${string}-${string}-${string}-${string}-${string}`; approval_stage_id: `${string}-${string}-${string}-${string}-${string}`; assignee_principal_id: string | null; ... 8 more ...; created_at: Date; }' is missing the following properties from type '{ tenant_id: ValueExpression<LifecycleDB, "core.approval_task", string>; created_by: ValueExpression<LifecycleDB, "core.approval_task", string>; ... 4 more ...; task_type: ValueExpression<...>; }': created_by, approver_id, order_index
framework/runtime/src/services/platform/meta/approval/approval.service.ts(393,28): error TS2339: Property 'limit' does not exist on type 'ListOptions'.
framework/runtime/src/services/platform/meta/approval/approval.service.ts(394,29): error TS2339: Property 'offset' does not exist on type 'ListOptions'.
framework/runtime/src/services/platform/meta/approval/approval.service.ts(412,7): error TS2353: Object literal may only specify known properties, and 'items' does not exist in type 'PaginatedResponse<ApprovalTask>'.
framework/runtime/src/services/platform/meta/approval/approval.service.ts(670,28): error TS2339: Property 'limit' does not exist on type 'ListOptions'.
framework/runtime/src/services/platform/meta/approval/approval.service.ts(671,29): error TS2339: Property 'offset' does not exist on type 'ListOptions'.
framework/runtime/src/services/platform/meta/approval/approval.service.ts(687,14): error TS2353: Object literal may only specify known properties, and 'items' does not exist in type 'PaginatedResponse<ApprovalEvent>'.
framework/runtime/src/services/platform/meta/approval/approval.service.ts(694,28): error TS2339: Property 'limit' does not exist on type 'ListOptions'.
framework/runtime/src/services/platform/meta/approval/approval.service.ts(695,29): error TS2339: Property 'offset' does not exist on type 'ListOptions'.
framework/runtime/src/services/platform/meta/approval/approval.service.ts(711,14): error TS2353: Object literal may only specify known properties, and 'items' does not exist in type 'PaginatedResponse<ApprovalEscalation>'.
framework/runtime/src/services/platform/meta/approval/approval.service.ts(717,31): error TS2353: Object literal may only specify known properties, and 'name' does not exist in type 'HealthCheckResult'.
framework/runtime/src/services/platform/meta/approval/approval.service.ts(721,9): error TS2353: Object literal may only specify known properties, and 'name' does not exist in type 'HealthCheckResult'.
framework/runtime/src/services/platform/meta/classification/entity-classification.service.ts(10,3): error TS2305: Module '"@athyper/core/meta"' has no exported member 'EntityClassificationService'.
framework/runtime/src/services/platform/meta/classification/entity-classification.service.ts(11,3): error TS2305: Module '"@athyper/core/meta"' has no exported member 'EntityClass'.
framework/runtime/src/services/platform/meta/classification/entity-classification.service.ts(12,3): error TS2305: Module '"@athyper/core/meta"' has no exported member 'EntityFeatureFlags'.
framework/runtime/src/services/platform/meta/core/audit-logger.service.ts(30,19): error TS2345: Argument of type '"meta.meta_audit"' is not assignable to parameter of type '"core.address" | "core.address_link" | "core.approval_comment" | "core.approval_definition" | "core.approval_instance" | "core.approval_task" | "core.attachment" | "core.audit_log" | ... 94 more ... | "ui.user_preference"'.
framework/runtime/src/services/platform/meta/core/audit-logger.service.ts(56,36): error TS2769: No overload matches this call.
  The last overload gave the following error.
    Argument of type '"meta.meta_audit"' is not assignable to parameter of type 'TableExpression<DB, never>'.
framework/runtime/src/services/platform/meta/core/audit-logger.service.ts(68,27): error TS2345: Argument of type '"user_id"' is not assignable to parameter of type 'ReferenceExpression<DB, "core.address" | "core.address_link" | "core.approval_comment" | "core.approval_definition" | "core.approval_instance" | "core.approval_task" | "core.attachment" | ... 95 more ... | "ui.user_preference">'.
framework/runtime/src/services/platform/meta/core/audit-logger.service.ts(76,27): error TS2345: Argument of type '"resource"' is not assignable to parameter of type 'ReferenceExpression<DB, "core.address" | "core.address_link" | "core.approval_comment" | "core.approval_definition" | "core.approval_instance" | "core.approval_task" | "core.attachment" | ... 95 more ... | "ui.user_preference">'.
framework/runtime/src/services/platform/meta/core/audit-logger.service.ts(80,27): error TS2345: Argument of type '"result"' is not assignable to parameter of type 'ReferenceExpression<DB, "core.address" | "core.address_link" | "core.approval_comment" | "core.approval_definition" | "core.approval_instance" | "core.approval_task" | "core.attachment" | ... 95 more ... | "ui.user_preference">'.
framework/runtime/src/services/platform/meta/core/audit-logger.service.ts(84,27): error TS2345: Argument of type '"timestamp"' is not assignable to parameter of type 'ReferenceExpression<DB, "core.address" | "core.address_link" | "core.approval_comment" | "core.approval_definition" | "core.approval_instance" | "core.approval_task" | "core.attachment" | ... 95 more ... | "ui.user_preference">'.
framework/runtime/src/services/platform/meta/core/audit-logger.service.ts(88,27): error TS2345: Argument of type '"timestamp"' is not assignable to parameter of type 'ReferenceExpression<DB, "core.address" | "core.address_link" | "core.approval_comment" | "core.approval_definition" | "core.approval_instance" | "core.approval_task" | "core.attachment" | ... 95 more ... | "ui.user_preference">'.
framework/runtime/src/services/platform/meta/core/audit-logger.service.ts(92,27): error TS2345: Argument of type '"timestamp"' is not assignable to parameter of type 'UndirectedOrderByExpression<DB, "core.address" | "core.address_link" | "core.approval_comment" | "core.approval_definition" | "core.approval_instance" | "core.approval_task" | "core.attachment" | ... 95 more ... | "ui.user_preference", { ...; }>'.
framework/runtime/src/services/platform/meta/core/audit-logger.service.ts(97,21): error TS2769: No overload matches this call.
  The last overload gave the following error.
    Argument of type '"meta.meta_audit"' is not assignable to parameter of type 'TableExpression<DB, never>'.
framework/runtime/src/services/platform/meta/core/audit-logger.service.ts(121,19): error TS2769: No overload matches this call.
  The last overload gave the following error.
    Argument of type '"meta.meta_audit"' is not assignable to parameter of type 'TableExpression<DB, never>'.
framework/runtime/src/services/platform/meta/core/audit-logger.service.ts(123,14): error TS2345: Argument of type '"event_id"' is not assignable to parameter of type 'ReferenceExpression<DB, "core.address" | "core.address_link" | "core.approval_comment" | "core.approval_definition" | "core.approval_instance" | "core.approval_task" | "core.attachment" | ... 95 more ... | "ui.user_preference">'.
framework/runtime/src/services/platform/meta/core/audit-logger.service.ts(131,19): error TS2769: No overload matches this call.
  The last overload gave the following error.
    Argument of type '"meta.meta_audit"' is not assignable to parameter of type 'TableExpression<DB, never>'.
framework/runtime/src/services/platform/meta/core/audit-logger.service.ts(133,16): error TS2345: Argument of type '"timestamp"' is not assignable to parameter of type 'UndirectedOrderByExpression<DB, "core.address" | "core.address_link" | "core.approval_comment" | "core.approval_definition" | "core.approval_instance" | "core.approval_task" | "core.attachment" | ... 95 more ... | "ui.user_preference", { ...; }>'.
framework/runtime/src/services/platform/meta/core/audit-logger.service.ts(177,21): error TS2769: No overload matches this call.
  The last overload gave the following error.
    Argument of type '"meta.meta_audit"' is not assignable to parameter of type 'TableExpression<DB, never>'.
framework/runtime/src/services/platform/meta/core/event-bus.service.ts(10,3): error TS2305: Module '"@athyper/core/meta"' has no exported member 'MetaEventBus'.
framework/runtime/src/services/platform/meta/core/event-bus.service.ts(11,3): error TS2305: Module '"@athyper/core/meta"' has no exported member 'MetaEvent'.
framework/runtime/src/services/platform/meta/core/event-bus.service.ts(12,3): error TS2305: Module '"@athyper/core/meta"' has no exported member 'MetaEventType'.
framework/runtime/src/services/platform/meta/core/event-bus.service.ts(13,3): error TS2305: Module '"@athyper/core/meta"' has no exported member 'MetaEventHandler'.
framework/runtime/src/services/platform/meta/core/registry.service.ts(37,19): error TS2345: Argument of type '"meta.meta_entities"' is not assignable to parameter of type '"core.address" | "core.address_link" | "core.approval_comment" | "core.approval_definition" | "core.approval_instance" | "core.approval_task" | "core.attachment" | "core.audit_log" | ... 94 more ... | "ui.user_preference"'.
framework/runtime/src/services/platform/meta/core/registry.service.ts(53,19): error TS2769: No overload matches this call.
  The last overload gave the following error.
    Argument of type '"meta.meta_entities"' is not assignable to parameter of type 'TableExpression<DB, never>'.
framework/runtime/src/services/platform/meta/core/registry.service.ts(70,19): error TS2769: No overload matches this call.
  The last overload gave the following error.
    Argument of type '"meta.meta_entities"' is not assignable to parameter of type 'TableExpression<DB, never>'.
framework/runtime/src/services/platform/meta/core/registry.service.ts(86,21): error TS2769: No overload matches this call.
  The last overload gave the following error.
    Argument of type '"meta.meta_entities"' is not assignable to parameter of type 'TableExpression<DB, never>'.
framework/runtime/src/services/platform/meta/core/registry.service.ts(124,20): error TS2769: No overload matches this call.
  Overload 1 of 3, '(table: "core.address" | "core.address_link" | "core.approval_comment" | "core.approval_definition" | "core.approval_instance" | "core.approval_task" | "core.attachment" | "core.audit_log" | ... 94 more ... | "ui.user_preference"): UpdateQueryBuilder<...>', gave the following error.
    Argument of type '"meta.meta_entities"' is not assignable to parameter of type '"core.address" | "core.address_link" | "core.approval_comment" | "core.approval_definition" | "core.approval_instance" | "core.approval_task" | "core.attachment" | "core.audit_log" | ... 94 more ... | "ui.user_preference"'.
  Overload 2 of 3, '(table: `core.address as ${string}` | `core.address_link as ${string}` | `core.approval_comment as ${string}` | `core.approval_definition as ${string}` | `core.approval_instance as ${string}` | `core.approval_task as ${string}` | `core.attachment as ${string}` | `core.audit_log as ${string}` | `core.contact_phone as ${string}` | `core.contact_point as ${string}` | `core.document as ${string}` | `core.email_otp_instance as ${string}` | `core.entitlement as ${string}` | `core.entity_tag as ${string}` | `core.feature_flag as ${string}` | `core.field_access_log as ${string}` | ... 86 more ... | `ui.user_preference as ${string}`): UpdateQueryBuilder<...>', gave the following error.
    Argument of type '"meta.meta_entities"' is not assignable to parameter of type '`core.address as ${string}` | `core.address_link as ${string}` | `core.approval_comment as ${string}` | `core.approval_definition as ${string}` | `core.approval_instance as ${string}` | `core.approval_task as ${string}` | `core.attachment as ${string}` | `core.audit_log as ${string}` | `core.contact_phone as ${strin...'.
  Overload 3 of 3, '(table: TableReference<DB>): UpdateQueryBuilder<{ [x: string]: address | address_link | approval_comment | approval_definition | ... 98 more ... | user_preference; }, any, any, UpdateResult>', gave the following error.
    Argument of type '"meta.meta_entities"' is not assignable to parameter of type 'TableReference<DB>'.
framework/runtime/src/services/platform/meta/core/registry.service.ts(135,19): error TS2769: No overload matches this call.
  The last overload gave the following error.
    Argument of type '"meta.meta_entities"' is not assignable to parameter of type 'TableReference<DB>'.
framework/runtime/src/services/platform/meta/core/registry.service.ts(151,19): error TS2345: Argument of type '"meta.meta_versions"' is not assignable to parameter of type '"core.address" | "core.address_link" | "core.approval_comment" | "core.approval_definition" | "core.approval_instance" | "core.approval_task" | "core.attachment" | "core.audit_log" | ... 94 more ... | "ui.user_preference"'.
framework/runtime/src/services/platform/meta/core/registry.service.ts(171,19): error TS2769: No overload matches this call.
  The last overload gave the following error.
    Argument of type '"meta.meta_versions"' is not assignable to parameter of type 'TableExpression<DB, never>'.
framework/runtime/src/services/platform/meta/core/registry.service.ts(184,19): error TS2769: No overload matches this call.
  The last overload gave the following error.
    Argument of type '"meta.meta_versions"' is not assignable to parameter of type 'TableExpression<DB, never>'.
framework/runtime/src/services/platform/meta/core/registry.service.ts(203,19): error TS2769: No overload matches this call.
  The last overload gave the following error.
    Argument of type '"meta.meta_versions"' is not assignable to parameter of type 'TableExpression<DB, never>'.
framework/runtime/src/services/platform/meta/core/registry.service.ts(215,21): error TS2769: No overload matches this call.
  The last overload gave the following error.
    Argument of type '"meta.meta_versions"' is not assignable to parameter of type 'TableExpression<DB, never>'.
framework/runtime/src/services/platform/meta/core/registry.service.ts(245,20): error TS2769: No overload matches this call.
  Overload 1 of 3, '(table: "core.address" | "core.address_link" | "core.approval_comment" | "core.approval_definition" | "core.approval_instance" | "core.approval_task" | "core.attachment" | "core.audit_log" | ... 94 more ... | "ui.user_preference"): UpdateQueryBuilder<...>', gave the following error.
    Argument of type '"meta.meta_versions"' is not assignable to parameter of type '"core.address" | "core.address_link" | "core.approval_comment" | "core.approval_definition" | "core.approval_instance" | "core.approval_task" | "core.attachment" | "core.audit_log" | ... 94 more ... | "ui.user_preference"'.
  Overload 2 of 3, '(table: `core.address as ${string}` | `core.address_link as ${string}` | `core.approval_comment as ${string}` | `core.approval_definition as ${string}` | `core.approval_instance as ${string}` | `core.approval_task as ${string}` | `core.attachment as ${string}` | `core.audit_log as ${string}` | `core.contact_phone as ${string}` | `core.contact_point as ${string}` | `core.document as ${string}` | `core.email_otp_instance as ${string}` | `core.entitlement as ${string}` | `core.entity_tag as ${string}` | `core.feature_flag as ${string}` | `core.field_access_log as ${string}` | ... 86 more ... | `ui.user_preference as ${string}`): UpdateQueryBuilder<...>', gave the following error.
    Argument of type '"meta.meta_versions"' is not assignable to parameter of type '`core.address as ${string}` | `core.address_link as ${string}` | `core.approval_comment as ${string}` | `core.approval_definition as ${string}` | `core.approval_instance as ${string}` | `core.approval_task as ${string}` | `core.attachment as ${string}` | `core.audit_log as ${string}` | `core.contact_phone as ${strin...'.
  Overload 3 of 3, '(table: TableReference<DB>): UpdateQueryBuilder<{ [x: string]: address | address_link | approval_comment | approval_definition | ... 98 more ... | user_preference; }, any, any, UpdateResult>', gave the following error.
    Argument of type '"meta.meta_versions"' is not assignable to parameter of type 'TableReference<DB>'.
framework/runtime/src/services/platform/meta/core/registry.service.ts(252,20): error TS2769: No overload matches this call.
  Overload 1 of 3, '(table: "core.address" | "core.address_link" | "core.approval_comment" | "core.approval_definition" | "core.approval_instance" | "core.approval_task" | "core.attachment" | "core.audit_log" | ... 94 more ... | "ui.user_preference"): UpdateQueryBuilder<...>', gave the following error.
    Argument of type '"meta.meta_versions"' is not assignable to parameter of type '"core.address" | "core.address_link" | "core.approval_comment" | "core.approval_definition" | "core.approval_instance" | "core.approval_task" | "core.attachment" | "core.audit_log" | ... 94 more ... | "ui.user_preference"'.
  Overload 2 of 3, '(table: `core.address as ${string}` | `core.address_link as ${string}` | `core.approval_comment as ${string}` | `core.approval_definition as ${string}` | `core.approval_instance as ${string}` | `core.approval_task as ${string}` | `core.attachment as ${string}` | `core.audit_log as ${string}` | `core.contact_phone as ${string}` | `core.contact_point as ${string}` | `core.document as ${string}` | `core.email_otp_instance as ${string}` | `core.entitlement as ${string}` | `core.entity_tag as ${string}` | `core.feature_flag as ${string}` | `core.field_access_log as ${string}` | ... 86 more ... | `ui.user_preference as ${string}`): UpdateQueryBuilder<...>', gave the following error.
    Argument of type '"meta.meta_versions"' is not assignable to parameter of type '`core.address as ${string}` | `core.address_link as ${string}` | `core.approval_comment as ${string}` | `core.approval_definition as ${string}` | `core.approval_instance as ${string}` | `core.approval_task as ${string}` | `core.attachment as ${string}` | `core.audit_log as ${string}` | `core.contact_phone as ${strin...'.
  Overload 3 of 3, '(table: TableReference<DB>): UpdateQueryBuilder<{ [x: string]: address | address_link | approval_comment | approval_definition | ... 98 more ... | user_preference; }, any, any, UpdateResult>', gave the following error.
    Argument of type '"meta.meta_versions"' is not assignable to parameter of type 'TableReference<DB>'.
framework/runtime/src/services/platform/meta/core/registry.service.ts(261,20): error TS2769: No overload matches this call.
  Overload 1 of 3, '(table: "core.address" | "core.address_link" | "core.approval_comment" | "core.approval_definition" | "core.approval_instance" | "core.approval_task" | "core.attachment" | "core.audit_log" | ... 94 more ... | "ui.user_preference"): UpdateQueryBuilder<...>', gave the following error.
    Argument of type '"meta.meta_entities"' is not assignable to parameter of type '"core.address" | "core.address_link" | "core.approval_comment" | "core.approval_definition" | "core.approval_instance" | "core.approval_task" | "core.attachment" | "core.audit_log" | ... 94 more ... | "ui.user_preference"'.
  Overload 2 of 3, '(table: `core.address as ${string}` | `core.address_link as ${string}` | `core.approval_comment as ${string}` | `core.approval_definition as ${string}` | `core.approval_instance as ${string}` | `core.approval_task as ${string}` | `core.attachment as ${string}` | `core.audit_log as ${string}` | `core.contact_phone as ${string}` | `core.contact_point as ${string}` | `core.document as ${string}` | `core.email_otp_instance as ${string}` | `core.entitlement as ${string}` | `core.entity_tag as ${string}` | `core.feature_flag as ${string}` | `core.field_access_log as ${string}` | ... 86 more ... | `ui.user_preference as ${string}`): UpdateQueryBuilder<...>', gave the following error.
    Argument of type '"meta.meta_entities"' is not assignable to parameter of type '`core.address as ${string}` | `core.address_link as ${string}` | `core.approval_comment as ${string}` | `core.approval_definition as ${string}` | `core.approval_instance as ${string}` | `core.approval_task as ${string}` | `core.attachment as ${string}` | `core.audit_log as ${string}` | `core.contact_phone as ${strin...'.
  Overload 3 of 3, '(table: TableReference<DB>): UpdateQueryBuilder<{ [x: string]: address | address_link | approval_comment | approval_definition | ... 98 more ... | user_preference; }, any, any, UpdateResult>', gave the following error.
    Argument of type '"meta.meta_entities"' is not assignable to parameter of type 'TableReference<DB>'.
framework/runtime/src/services/platform/meta/core/registry.service.ts(275,20): error TS2769: No overload matches this call.
  Overload 1 of 3, '(table: "core.address" | "core.address_link" | "core.approval_comment" | "core.approval_definition" | "core.approval_instance" | "core.approval_task" | "core.attachment" | "core.audit_log" | ... 94 more ... | "ui.user_preference"): UpdateQueryBuilder<...>', gave the following error.
    Argument of type '"meta.meta_versions"' is not assignable to parameter of type '"core.address" | "core.address_link" | "core.approval_comment" | "core.approval_definition" | "core.approval_instance" | "core.approval_task" | "core.attachment" | "core.audit_log" | ... 94 more ... | "ui.user_preference"'.
  Overload 2 of 3, '(table: `core.address as ${string}` | `core.address_link as ${string}` | `core.approval_comment as ${string}` | `core.approval_definition as ${string}` | `core.approval_instance as ${string}` | `core.approval_task as ${string}` | `core.attachment as ${string}` | `core.audit_log as ${string}` | `core.contact_phone as ${string}` | `core.contact_point as ${string}` | `core.document as ${string}` | `core.email_otp_instance as ${string}` | `core.entitlement as ${string}` | `core.entity_tag as ${string}` | `core.feature_flag as ${string}` | `core.field_access_log as ${string}` | ... 86 more ... | `ui.user_preference as ${string}`): UpdateQueryBuilder<...>', gave the following error.
    Argument of type '"meta.meta_versions"' is not assignable to parameter of type '`core.address as ${string}` | `core.address_link as ${string}` | `core.approval_comment as ${string}` | `core.approval_definition as ${string}` | `core.approval_instance as ${string}` | `core.approval_task as ${string}` | `core.attachment as ${string}` | `core.audit_log as ${string}` | `core.contact_phone as ${strin...'.
  Overload 3 of 3, '(table: TableReference<DB>): UpdateQueryBuilder<{ [x: string]: address | address_link | approval_comment | approval_definition | ... 98 more ... | user_preference; }, any, any, UpdateResult>', gave the following error.
    Argument of type '"meta.meta_versions"' is not assignable to parameter of type 'TableReference<DB>'.
framework/runtime/src/services/platform/meta/core/registry.service.ts(286,22): error TS2769: No overload matches this call.
  Overload 1 of 3, '(table: "core.address" | "core.address_link" | "core.approval_comment" | "core.approval_definition" | "core.approval_instance" | "core.approval_task" | "core.attachment" | "core.audit_log" | ... 94 more ... | "ui.user_preference"): UpdateQueryBuilder<...>', gave the following error.
    Argument of type '"meta.meta_entities"' is not assignable to parameter of type '"core.address" | "core.address_link" | "core.approval_comment" | "core.approval_definition" | "core.approval_instance" | "core.approval_task" | "core.attachment" | "core.audit_log" | ... 94 more ... | "ui.user_preference"'.
  Overload 2 of 3, '(table: `core.address as ${string}` | `core.address_link as ${string}` | `core.approval_comment as ${string}` | `core.approval_definition as ${string}` | `core.approval_instance as ${string}` | `core.approval_task as ${string}` | `core.attachment as ${string}` | `core.audit_log as ${string}` | `core.contact_phone as ${string}` | `core.contact_point as ${string}` | `core.document as ${string}` | `core.email_otp_instance as ${string}` | `core.entitlement as ${string}` | `core.entity_tag as ${string}` | `core.feature_flag as ${string}` | `core.field_access_log as ${string}` | ... 86 more ... | `ui.user_preference as ${string}`): UpdateQueryBuilder<...>', gave the following error.
    Argument of type '"meta.meta_entities"' is not assignable to parameter of type '`core.address as ${string}` | `core.address_link as ${string}` | `core.approval_comment as ${string}` | `core.approval_definition as ${string}` | `core.approval_instance as ${string}` | `core.approval_task as ${string}` | `core.attachment as ${string}` | `core.audit_log as ${string}` | `core.contact_phone as ${strin...'.
  Overload 3 of 3, '(table: TableReference<DB>): UpdateQueryBuilder<{ [x: string]: address | address_link | approval_comment | approval_definition | ... 98 more ... | user_preference; }, any, any, UpdateResult>', gave the following error.
    Argument of type '"meta.meta_entities"' is not assignable to parameter of type 'TableReference<DB>'.
framework/runtime/src/services/platform/meta/core/registry.service.ts(302,20): error TS2769: No overload matches this call.
  Overload 1 of 3, '(table: "core.address" | "core.address_link" | "core.approval_comment" | "core.approval_definition" | "core.approval_instance" | "core.approval_task" | "core.attachment" | "core.audit_log" | ... 94 more ... | "ui.user_preference"): UpdateQueryBuilder<...>', gave the following error.
    Argument of type '"meta.meta_versions"' is not assignable to parameter of type '"core.address" | "core.address_link" | "core.approval_comment" | "core.approval_definition" | "core.approval_instance" | "core.approval_task" | "core.attachment" | "core.audit_log" | ... 94 more ... | "ui.user_preference"'.
  Overload 2 of 3, '(table: `core.address as ${string}` | `core.address_link as ${string}` | `core.approval_comment as ${string}` | `core.approval_definition as ${string}` | `core.approval_instance as ${string}` | `core.approval_task as ${string}` | `core.attachment as ${string}` | `core.audit_log as ${string}` | `core.contact_phone as ${string}` | `core.contact_point as ${string}` | `core.document as ${string}` | `core.email_otp_instance as ${string}` | `core.entitlement as ${string}` | `core.entity_tag as ${string}` | `core.feature_flag as ${string}` | `core.field_access_log as ${string}` | ... 86 more ... | `ui.user_preference as ${string}`): UpdateQueryBuilder<...>', gave the following error.
    Argument of type '"meta.meta_versions"' is not assignable to parameter of type '`core.address as ${string}` | `core.address_link as ${string}` | `core.approval_comment as ${string}` | `core.approval_definition as ${string}` | `core.approval_instance as ${string}` | `core.approval_task as ${string}` | `core.attachment as ${string}` | `core.audit_log as ${string}` | `core.contact_phone as ${strin...'.
  Overload 3 of 3, '(table: TableReference<DB>): UpdateQueryBuilder<{ [x: string]: address | address_link | approval_comment | approval_definition | ... 98 more ... | user_preference; }, any, any, UpdateResult>', gave the following error.
    Argument of type '"meta.meta_versions"' is not assignable to parameter of type 'TableReference<DB>'.
framework/runtime/src/services/platform/meta/core/registry.service.ts(318,19): error TS2769: No overload matches this call.
  The last overload gave the following error.
    Argument of type '"meta.meta_versions"' is not assignable to parameter of type 'TableReference<DB>'.
framework/runtime/src/services/platform/meta/data/generic-data-api.service.ts(20,3): error TS2305: Module '"@athyper/core/meta"' has no exported member 'EntityClassificationService'.
framework/runtime/src/services/platform/meta/data/generic-data-api.service.ts(21,3): error TS2305: Module '"@athyper/core/meta"' has no exported member 'NumberingEngine'.
framework/runtime/src/services/platform/meta/descriptor/action-dispatcher.service.ts(14,3): error TS2305: Module '"@athyper/core/meta"' has no exported member 'ActionDispatcher'.
framework/runtime/src/services/platform/meta/descriptor/action-dispatcher.service.ts(15,3): error TS2305: Module '"@athyper/core/meta"' has no exported member 'ActionExecutionRequest'.
framework/runtime/src/services/platform/meta/descriptor/action-dispatcher.service.ts(16,3): error TS2305: Module '"@athyper/core/meta"' has no exported member 'ActionExecutionResult'.
framework/runtime/src/services/platform/meta/descriptor/action-dispatcher.service.ts(21,3): error TS2305: Module '"@athyper/core/meta"' has no exported member 'ReasonCode'.
framework/runtime/src/services/platform/meta/descriptor/entity-page-descriptor.service.ts(13,3): error TS2305: Module '"@athyper/core/meta"' has no exported member 'EntityClassificationService'.
framework/runtime/src/services/platform/meta/descriptor/entity-page-descriptor.service.ts(17,3): error TS2305: Module '"@athyper/core/meta"' has no exported member 'EntityPageDescriptorService'.
framework/runtime/src/services/platform/meta/descriptor/entity-page-descriptor.service.ts(19,3): error TS2305: Module '"@athyper/core/meta"' has no exported member 'EntityPageStaticDescriptor'.
framework/runtime/src/services/platform/meta/descriptor/entity-page-descriptor.service.ts(20,3): error TS2305: Module '"@athyper/core/meta"' has no exported member 'EntityPageDynamicDescriptor'.
framework/runtime/src/services/platform/meta/descriptor/entity-page-descriptor.service.ts(21,3): error TS2305: Module '"@athyper/core/meta"' has no exported member 'ViewMode'.
framework/runtime/src/services/platform/meta/descriptor/entity-page-descriptor.service.ts(22,3): error TS2305: Module '"@athyper/core/meta"' has no exported member 'ReasonCode'.
framework/runtime/src/services/platform/meta/descriptor/entity-page-descriptor.service.ts(23,3): error TS2305: Module '"@athyper/core/meta"' has no exported member 'TabDescriptor'.
framework/runtime/src/services/platform/meta/descriptor/entity-page-descriptor.service.ts(24,3): error TS2305: Module '"@athyper/core/meta"' has no exported member 'SectionDescriptor'.
framework/runtime/src/services/platform/meta/descriptor/entity-page-descriptor.service.ts(25,3): error TS2305: Module '"@athyper/core/meta"' has no exported member 'BadgeDescriptor'.
framework/runtime/src/services/platform/meta/descriptor/entity-page-descriptor.service.ts(26,3): error TS2305: Module '"@athyper/core/meta"' has no exported member 'ActionDescriptor'.
framework/runtime/src/services/platform/meta/descriptor/entity-page-descriptor.service.ts(28,3): error TS2305: Module '"@athyper/core/meta"' has no exported member 'EntityFeatureFlags'.
framework/runtime/src/services/platform/meta/descriptor/entity-page-descriptor.service.ts(29,3): error TS2305: Module '"@athyper/core/meta"' has no exported member 'EntityClass'.
framework/runtime/src/services/platform/meta/descriptor/entity-page-descriptor.service.ts(109,23): error TS2551: Property 'authorizeMany' does not exist on type 'PolicyGate'. Did you mean 'authorize'?
framework/runtime/src/services/platform/meta/descriptor/entity-page-descriptor.service.ts(136,8): error TS7006: Parameter 't' implicitly has an 'any' type.
framework/runtime/src/services/platform/meta/factory.ts(37,3): error TS2305: Module '"@athyper/core/meta"' has no exported member 'EntityClassificationService'.
framework/runtime/src/services/platform/meta/factory.ts(38,3): error TS2305: Module '"@athyper/core/meta"' has no exported member 'NumberingEngine'.
framework/runtime/src/services/platform/meta/factory.ts(41,3): error TS2305: Module '"@athyper/core/meta"' has no exported member 'EntityPageDescriptorService'.
framework/runtime/src/services/platform/meta/factory.ts(42,3): error TS2305: Module '"@athyper/core/meta"' has no exported member 'ActionDispatcher'.
framework/runtime/src/services/platform/meta/factory.ts(43,3): error TS2305: Module '"@athyper/core/meta"' has no exported member 'MetaEventBus'.
framework/runtime/src/services/platform/meta/handlers/descriptor.handler.ts(15,3): error TS2305: Module '"@athyper/core/meta"' has no exported member 'EntityPageDescriptorService'.
framework/runtime/src/services/platform/meta/handlers/descriptor.handler.ts(16,3): error TS2305: Module '"@athyper/core/meta"' has no exported member 'ActionDispatcher'.
framework/runtime/src/services/platform/meta/handlers/descriptor.handler.ts(18,3): error TS2305: Module '"@athyper/core/meta"' has no exported member 'ViewMode'.
framework/runtime/src/services/platform/meta/handlers/descriptor.handler.ts(50,19): error TS2339: Property 'descriptorService' does not exist on type '{ readonly registry: "meta.registry"; readonly compiler: "meta.compiler"; readonly policyGate: "meta.policyGate"; readonly auditLogger: "meta.auditLogger"; readonly dataAPI: "meta.dataAPI"; ... 4 more ...; readonly healthRegistry: "meta.health"; }'.
framework/runtime/src/services/platform/meta/handlers/descriptor.handler.ts(110,19): error TS2339: Property 'descriptorService' does not exist on type '{ readonly registry: "meta.registry"; readonly compiler: "meta.compiler"; readonly policyGate: "meta.policyGate"; readonly auditLogger: "meta.auditLogger"; readonly dataAPI: "meta.dataAPI"; ... 4 more ...; readonly healthRegistry: "meta.health"; }'.
framework/runtime/src/services/platform/meta/handlers/descriptor.handler.ts(177,19): error TS2339: Property 'actionDispatcher' does not exist on type '{ readonly registry: "meta.registry"; readonly compiler: "meta.compiler"; readonly policyGate: "meta.policyGate"; readonly auditLogger: "meta.auditLogger"; readonly dataAPI: "meta.dataAPI"; ... 4 more ...; readonly healthRegistry: "meta.health"; }'.
framework/runtime/src/services/platform/meta/lifecycle/lifecycle-manager.service.ts(557,13): error TS2367: This comparison appears to be unintentional because the types '"completed" | "canceled"' and '"rejected"' have no overlap.
framework/runtime/src/services/platform/meta/lifecycle/lifecycle-manager.service.ts(560,21): error TS2367: This comparison appears to be unintentional because the types '"canceled"' and '"rejected"' have no overlap.
framework/runtime/src/services/platform/meta/numbering/numbering-engine.service.ts(12,3): error TS2305: Module '"@athyper/core/meta"' has no exported member 'NumberingEngine'.
framework/runtime/src/services/platform/meta/numbering/numbering-engine.service.ts(13,3): error TS2305: Module '"@athyper/core/meta"' has no exported member 'NumberingRule'.
framework/runtime/src/services/platform/meta/numbering/numbering-engine.service.ts(14,3): error TS2305: Module '"@athyper/core/meta"' has no exported member 'NumberingResetPolicy'.
framework/runtime/src/services/platform/meta/numbering/numbering-engine.service.ts(193,31): error TS2353: Object literal may only specify known properties, and 'name' does not exist in type 'HealthCheckResult'.
framework/runtime/src/services/platform/meta/numbering/numbering-engine.service.ts(197,9): error TS2353: Object literal may only specify known properties, and 'name' does not exist in type 'HealthCheckResult'.
framework/runtime/src/services/platform/meta/schema/ddl-generator.service.ts(19,3): error TS2305: Module '"@athyper/core/meta"' has no exported member 'EntityClass'.
framework/runtime/src/services/platform/meta/schema/ddl-generator.service.ts(20,3): error TS2305: Module '"@athyper/core/meta"' has no exported member 'EntityFeatureFlags'.
framework/runtime/src/services/platform/meta/schema/ddl-generator.service.ts(84,13): error TS2339: Property 'entityClass' does not exist on type 'CompiledModel'.
framework/runtime/src/services/platform/meta/schema/ddl-generator.service.ts(85,13): error TS2339: Property 'featureFlags' does not exist on type 'CompiledModel'.
framework/runtime/src/services/platform/meta/schema/ddl-generator.service.ts(272,15): error TS2339: Property 'entityClass' does not exist on type 'CompiledModel'.
framework/runtime/src/services/platform/meta/schema/ddl-generator.service.ts(279,17): error TS2339: Property 'entityClass' does not exist on type 'CompiledModel'.
framework/runtime/src/services/platform/meta/schema/ddl-generator.service.ts(286,17): error TS2339: Property 'featureFlags' does not exist on type 'CompiledModel'.
framework/runtime/src/services/platform/policy-rules/decision-logger.service.ts(167,23): error TS2345: Argument of type '"meta.meta_audit"' is not assignable to parameter of type '"core.address" | "core.address_link" | "core.approval_comment" | "core.approval_definition" | "core.approval_instance" | "core.approval_task" | "core.attachment" | "core.audit_log" | ... 94 more ... | "ui.user_preference"'.
framework/runtime/src/services/platform/policy-rules/decision-logger.service.ts(218,19): error TS2345: Argument of type '"meta.meta_audit"' is not assignable to parameter of type '"core.address" | "core.address_link" | "core.approval_comment" | "core.approval_definition" | "core.approval_instance" | "core.approval_task" | "core.attachment" | "core.audit_log" | ... 94 more ... | "ui.user_preference"'.
framework/runtime/src/services/platform/policy-rules/evaluation/facts-provider.ts(334,19): error TS2769: No overload matches this call.
  The last overload gave the following error.
    Argument of type '"core.role_binding as rb"' is not assignable to parameter of type 'TableExpression<DB, never>'.
framework/runtime/src/services/platform/policy-rules/evaluation/facts-provider.ts(335,44): error TS2345: Argument of type '"rb.role_id"' is not assignable to parameter of type 'AnyJoinColumn<DB, "core.address" | "core.address_link" | "core.approval_comment" | "core.approval_definition" | "core.approval_instance" | "core.approval_task" | "core.attachment" | ... 95 more ... | "ui.user_preference", "core.role as r"> | AnyJoinColumnWithTable<...>'.
framework/runtime/src/services/platform/policy-rules/evaluation/facts-provider.ts(337,14): error TS2345: Argument of type '"rb.tenant_id"' is not assignable to parameter of type 'ReferenceExpression<DB & { r: Role; }, "core.address" | "core.address_link" | "core.approval_comment" | "core.approval_definition" | "core.approval_instance" | "core.approval_task" | ... 97 more ... | "r">'.
framework/runtime/src/services/platform/policy-rules/evaluation/facts-provider.ts(338,14): error TS2345: Argument of type '"rb.principal_id"' is not assignable to parameter of type 'ReferenceExpression<DB & { r: Role; }, "core.address" | "core.address_link" | "core.approval_comment" | "core.approval_definition" | "core.approval_instance" | "core.approval_task" | ... 97 more ... | "r">'.
framework/runtime/src/services/platform/policy-rules/evaluation/facts-provider.ts(339,14): error TS2345: Argument of type '"r.is_active"' is not assignable to parameter of type 'ReferenceExpression<DB & { r: Role; }, "core.address" | "core.address_link" | "core.approval_comment" | "core.approval_definition" | "core.approval_instance" | "core.approval_task" | ... 97 more ... | "r">'.
framework/runtime/src/services/platform/policy-rules/evaluation/facts-provider.ts(341,19): error TS2345: Argument of type '"rb.valid_from"' is not assignable to parameter of type 'ReferenceExpression<DB & { r: Role; }, "core.address" | "core.address_link" | "core.approval_comment" | "core.approval_definition" | "core.approval_instance" | "core.approval_task" | ... 97 more ... | "r">'.
framework/runtime/src/services/platform/policy-rules/evaluation/facts-provider.ts(341,52): error TS2345: Argument of type '"rb.valid_from"' is not assignable to parameter of type 'ReferenceExpression<DB & { r: Role; }, "core.address" | "core.address_link" | "core.approval_comment" | "core.approval_definition" | "core.approval_instance" | "core.approval_task" | ... 97 more ... | "r">'.
framework/runtime/src/services/platform/policy-rules/evaluation/facts-provider.ts(344,19): error TS2345: Argument of type '"rb.valid_until"' is not assignable to parameter of type 'ReferenceExpression<DB & { r: Role; }, "core.address" | "core.address_link" | "core.approval_comment" | "core.approval_definition" | "core.approval_instance" | "core.approval_task" | ... 97 more ... | "r">'.
framework/runtime/src/services/platform/policy-rules/evaluation/facts-provider.ts(344,53): error TS2345: Argument of type '"rb.valid_until"' is not assignable to parameter of type 'ReferenceExpression<DB & { r: Role; }, "core.address" | "core.address_link" | "core.approval_comment" | "core.approval_definition" | "core.approval_instance" | "core.approval_task" | ... 97 more ... | "r">'.
framework/runtime/src/services/platform/policy-rules/evaluation/facts-provider.ts(351,18): error TS2345: Argument of type '"core.role_binding as rb"' is not assignable to parameter of type 'TableExpression<DB & { gm: GroupMember; }, "gm">'.
framework/runtime/src/services/platform/policy-rules/evaluation/facts-provider.ts(352,8): error TS2349: This expression is not callable.
  Each member of the union type '{ <TE extends TableExpression<DB & { gm: GroupMember; }, "gm">, K1 extends DrainOuterGeneric<AnyJoinColumn<DB & { gm: GroupMember; }, "gm", TE> | AnyJoinColumnWithTable<...>>, K2 extends DrainOuterGeneric<...>>(table: TE, k1: K1, k2: K2): SelectQueryBuilderWithInnerJoin<...>; <TE extends TableExpression<...>, FN ext...' has signatures, but none of those signatures are compatible with each other.
framework/runtime/src/services/platform/policy-rules/evaluation/facts-provider.ts(357,15): error TS7006: Parameter 'eb' implicitly has an 'any' type.
framework/runtime/src/services/platform/policy-rules/evaluation/facts-provider.ts(360,15): error TS7006: Parameter 'eb' implicitly has an 'any' type.
framework/runtime/src/services/platform/policy-rules/evaluation/facts-provider.ts(363,15): error TS7006: Parameter 'eb' implicitly has an 'any' type.
framework/runtime/src/services/platform/policy-rules/evaluation/facts-provider.ts(366,15): error TS7006: Parameter 'eb' implicitly has an 'any' type.
framework/runtime/src/services/platform/policy-rules/evaluation/facts-provider.ts(374,26): error TS7006: Parameter 'r' implicitly has an 'any' type.
framework/runtime/src/services/platform/policy-rules/evaluation/facts-provider.ts(388,18): error TS2345: Argument of type '"core.group as g"' is not assignable to parameter of type 'TableExpression<DB & { gm: GroupMember; }, "gm">'.
framework/runtime/src/services/platform/policy-rules/evaluation/facts-provider.ts(389,8): error TS2349: This expression is not callable.
  Each member of the union type '{ <SE extends SelectExpression<DB & { gm: GroupMember; }, "gm">>(selections: readonly SE[]): SelectQueryBuilder<DB & { gm: GroupMember; }, "gm", { [E in FlattenSelectExpression<SE> as ExtractAliasFromSelectExpression<...>]: SelectType<...>; }>; <CB extends SelectCallback<...>>(callback: CB): SelectQueryBuilder<...>;...' has signatures, but none of those signatures are compatible with each other.
framework/runtime/src/services/platform/policy-rules/evaluation/facts-provider.ts(393,15): error TS7006: Parameter 'eb' implicitly has an 'any' type.
framework/runtime/src/services/platform/policy-rules/evaluation/facts-provider.ts(396,15): error TS7006: Parameter 'eb' implicitly has an 'any' type.
framework/runtime/src/services/platform/policy-rules/evaluation/facts-provider.ts(401,24): error TS7006: Parameter 'g' implicitly has an 'any' type.
framework/runtime/src/services/platform/policy-rules/evaluation/facts-provider.ts(413,19): error TS2769: No overload matches this call.
  The last overload gave the following error.
    Argument of type '"core.principal_attribute"' is not assignable to parameter of type 'TableExpression<DB, never>'.
framework/runtime/src/services/platform/policy-rules/evaluation/facts-provider.ts(414,8): error TS2769: No overload matches this call.
  Overload 1 of 3, '(selections: readonly SelectExpression<DB, "core.address" | "core.address_link" | "core.approval_comment" | "core.approval_definition" | "core.approval_instance" | "core.approval_task" | "core.attachment" | ... 95 more ... | "ui.user_preference">[]): SelectQueryBuilder<...>', gave the following error.
    Type '"attr_value"' is not assignable to type 'SelectExpression<DB, "core.address" | "core.address_link" | "core.approval_comment" | "core.approval_definition" | "core.approval_instance" | "core.approval_task" | "core.attachment" | ... 95 more ... | "ui.user_preference">'.
  Overload 2 of 3, '(callback: SelectCallback<DB, "core.address" | "core.address_link" | "core.approval_comment" | "core.approval_definition" | "core.approval_instance" | "core.approval_task" | "core.attachment" | ... 95 more ... | "ui.user_preference">): SelectQueryBuilder<...>', gave the following error.
    Argument of type 'string[]' is not assignable to parameter of type 'SelectCallback<DB, "core.address" | "core.address_link" | "core.approval_comment" | "core.approval_definition" | "core.approval_instance" | "core.approval_task" | "core.attachment" | ... 95 more ... | "ui.user_preference">'.
      Type 'string[]' provides no match for the signature '(eb: ExpressionBuilder<DB, "core.address" | "core.address_link" | "core.approval_comment" | "core.approval_definition" | "core.approval_instance" | "core.approval_task" | "core.attachment" | ... 95 more ... | "ui.user_preference">): readonly SelectExpression<...>[]'.
  Overload 3 of 3, '(selection: SelectExpression<DB, "core.address" | "core.address_link" | "core.approval_comment" | "core.approval_definition" | "core.approval_instance" | "core.approval_task" | "core.attachment" | ... 95 more ... | "ui.user_preference">): SelectQueryBuilder<...>', gave the following error.
    Argument of type 'string[]' is not assignable to parameter of type 'SelectExpression<DB, "core.address" | "core.address_link" | "core.approval_comment" | "core.approval_definition" | "core.approval_instance" | "core.approval_task" | "core.attachment" | ... 95 more ... | "ui.user_preference">'.
framework/runtime/src/services/platform/policy-rules/evaluation/facts-provider.ts(416,14): error TS2345: Argument of type '"attr_key"' is not assignable to parameter of type 'ReferenceExpression<DB, "core.address" | "core.address_link" | "core.approval_comment" | "core.approval_definition" | "core.approval_instance" | "core.approval_task" | "core.attachment" | ... 95 more ... | "ui.user_preference">'.
framework/runtime/src/services/platform/policy-rules/evaluation/facts-provider.ts(423,19): error TS2769: No overload matches this call.
  The last overload gave the following error.
    Argument of type '"core.ou_node"' is not assignable to parameter of type 'TableExpression<DB, never>'.
framework/runtime/src/services/platform/policy-rules/evaluation/facts-provider.ts(424,8): error TS2769: No overload matches this call.
  Overload 1 of 3, '(selections: readonly SelectExpression<DB, "core.address" | "core.address_link" | "core.approval_comment" | "core.approval_definition" | "core.approval_instance" | "core.approval_task" | "core.attachment" | ... 95 more ... | "ui.user_preference">[]): SelectQueryBuilder<...>', gave the following error.
    Type '"depth"' is not assignable to type 'SelectExpression<DB, "core.address" | "core.address_link" | "core.approval_comment" | "core.approval_definition" | "core.approval_instance" | "core.approval_task" | "core.attachment" | ... 95 more ... | "ui.user_preference">'.
  Overload 2 of 3, '(callback: SelectCallback<DB, "core.address" | "core.address_link" | "core.approval_comment" | "core.approval_definition" | "core.approval_instance" | "core.approval_task" | "core.attachment" | ... 95 more ... | "ui.user_preference">): SelectQueryBuilder<...>', gave the following error.
    Argument of type 'string[]' is not assignable to parameter of type 'SelectCallback<DB, "core.address" | "core.address_link" | "core.approval_comment" | "core.approval_definition" | "core.approval_instance" | "core.approval_task" | "core.attachment" | ... 95 more ... | "ui.user_preference">'.
      Type 'string[]' provides no match for the signature '(eb: ExpressionBuilder<DB, "core.address" | "core.address_link" | "core.approval_comment" | "core.approval_definition" | "core.approval_instance" | "core.approval_task" | "core.attachment" | ... 95 more ... | "ui.user_preference">): readonly SelectExpression<...>[]'.
  Overload 3 of 3, '(selection: SelectExpression<DB, "core.address" | "core.address_link" | "core.approval_comment" | "core.approval_definition" | "core.approval_instance" | "core.approval_task" | "core.attachment" | ... 95 more ... | "ui.user_preference">): SelectQueryBuilder<...>', gave the following error.
    Argument of type 'string[]' is not assignable to parameter of type 'SelectExpression<DB, "core.address" | "core.address_link" | "core.approval_comment" | "core.approval_definition" | "core.approval_instance" | "core.approval_task" | "core.attachment" | ... 95 more ... | "ui.user_preference">'.
framework/runtime/src/services/platform/policy-rules/evaluation/facts-provider.ts(433,7): error TS2322: Type 'string | number' is not assignable to type 'string'.
  Type 'number' is not assignable to type 'string'.
framework/runtime/src/services/platform/policy-rules/evaluation/facts-provider.ts(434,7): error TS2322: Type 'ExtractColumnType<DB, "core.address" | "core.address_link" | "core.approval_comment" | "core.approval_definition" | "core.approval_instance" | "core.approval_task" | "core.attachment" | ... 95 more ... | "ui.user_preference", "code">' is not assignable to type 'string'.
  Type 'null' is not assignable to type 'string'.
framework/runtime/src/services/platform/policy-rules/evaluation/facts-provider.ts(447,19): error TS2769: No overload matches this call.
  The last overload gave the following error.
    Argument of type '"core.principal_attribute"' is not assignable to parameter of type 'TableExpression<DB, never>'.
framework/runtime/src/services/platform/policy-rules/evaluation/facts-provider.ts(448,15): error TS2769: No overload matches this call.
  Overload 3 of 3, '(selection: SelectExpression<DB, "core.address" | "core.address_link" | "core.approval_comment" | "core.approval_definition" | "core.approval_instance" | "core.approval_task" | "core.attachment" | ... 95 more ... | "ui.user_preference">): SelectQueryBuilder<...>', gave the following error.
    Argument of type 'string[]' is not assignable to parameter of type 'SelectExpression<DB, "core.address" | "core.address_link" | "core.approval_comment" | "core.approval_definition" | "core.approval_instance" | "core.approval_task" | "core.attachment" | ... 95 more ... | "ui.user_preference">'.
framework/runtime/src/services/platform/policy-rules/evaluation/facts-provider.ts(451,19): error TS2345: Argument of type '"valid_from"' is not assignable to parameter of type 'ReferenceExpression<DB, "core.address" | "core.address_link" | "core.approval_comment" | "core.approval_definition" | "core.approval_instance" | "core.approval_task" | "core.attachment" | ... 95 more ... | "ui.user_preference">'.
framework/runtime/src/services/platform/policy-rules/evaluation/facts-provider.ts(451,49): error TS2345: Argument of type '"valid_from"' is not assignable to parameter of type 'ReferenceExpression<DB, "core.address" | "core.address_link" | "core.approval_comment" | "core.approval_definition" | "core.approval_instance" | "core.approval_task" | "core.attachment" | ... 95 more ... | "ui.user_preference">'.
framework/runtime/src/services/platform/policy-rules/evaluation/facts-provider.ts(454,19): error TS2345: Argument of type '"valid_until"' is not assignable to parameter of type 'ReferenceExpression<DB, "core.address" | "core.address_link" | "core.approval_comment" | "core.approval_definition" | "core.approval_instance" | "core.approval_task" | "core.attachment" | ... 95 more ... | "ui.user_preference">'.
framework/runtime/src/services/platform/policy-rules/evaluation/facts-provider.ts(454,50): error TS2345: Argument of type '"valid_until"' is not assignable to parameter of type 'ReferenceExpression<DB, "core.address" | "core.address_link" | "core.approval_comment" | "core.approval_definition" | "core.approval_instance" | "core.approval_task" | "core.attachment" | ... 95 more ... | "ui.user_preference">'.
framework/runtime/src/services/platform/policy-rules/evaluation/facts-provider.ts(476,19): error TS2769: No overload matches this call.
  The last overload gave the following error.
    Argument of type '"meta.meta_entities"' is not assignable to parameter of type 'TableExpression<DB, never>'.
framework/runtime/src/services/platform/policy-rules/evaluation/facts-provider.ts(477,8): error TS2769: No overload matches this call.
  Overload 1 of 3, '(selections: readonly SelectExpression<DB, "core.address" | "core.address_link" | "core.approval_comment" | "core.approval_definition" | "core.approval_instance" | "core.approval_task" | "core.attachment" | ... 95 more ... | "ui.user_preference">[]): SelectQueryBuilder<...>', gave the following error.
    Type '"active_version"' is not assignable to type 'SelectExpression<DB, "core.address" | "core.address_link" | "core.approval_comment" | "core.approval_definition" | "core.approval_instance" | "core.approval_task" | "core.attachment" | ... 95 more ... | "ui.user_preference">'.
  Overload 2 of 3, '(callback: SelectCallback<DB, "core.address" | "core.address_link" | "core.approval_comment" | "core.approval_definition" | "core.approval_instance" | "core.approval_task" | "core.attachment" | ... 95 more ... | "ui.user_preference">): SelectQueryBuilder<...>', gave the following error.
    Argument of type 'string[]' is not assignable to parameter of type 'SelectCallback<DB, "core.address" | "core.address_link" | "core.approval_comment" | "core.approval_definition" | "core.approval_instance" | "core.approval_task" | "core.attachment" | ... 95 more ... | "ui.user_preference">'.
      Type 'string[]' provides no match for the signature '(eb: ExpressionBuilder<DB, "core.address" | "core.address_link" | "core.approval_comment" | "core.approval_definition" | "core.approval_instance" | "core.approval_task" | "core.attachment" | ... 95 more ... | "ui.user_preference">): readonly SelectExpression<...>[]'.
  Overload 3 of 3, '(selection: SelectExpression<DB, "core.address" | "core.address_link" | "core.approval_comment" | "core.approval_definition" | "core.approval_instance" | "core.approval_task" | "core.attachment" | ... 95 more ... | "ui.user_preference">): SelectQueryBuilder<...>', gave the following error.
    Argument of type 'string[]' is not assignable to parameter of type 'SelectExpression<DB, "core.address" | "core.address_link" | "core.approval_comment" | "core.approval_definition" | "core.approval_instance" | "core.approval_task" | "core.attachment" | ... 95 more ... | "ui.user_preference">'.
framework/runtime/src/services/platform/policy-rules/evaluation/facts-provider.ts(487,21): error TS2769: No overload matches this call.
  The last overload gave the following error.
    Argument of type '"meta.meta_versions"' is not assignable to parameter of type 'TableExpression<DB, never>'.
framework/runtime/src/services/platform/policy-rules/evaluation/facts-provider.ts(488,10): error TS2769: No overload matches this call.
  Overload 1 of 3, '(selections: readonly SelectExpression<DB, "core.address" | "core.address_link" | "core.approval_comment" | "core.approval_definition" | "core.approval_instance" | "core.approval_task" | "core.attachment" | ... 95 more ... | "ui.user_preference">[]): SelectQueryBuilder<...>', gave the following error.
    Type '"schema"' is not assignable to type 'SelectExpression<DB, "core.address" | "core.address_link" | "core.approval_comment" | "core.approval_definition" | "core.approval_instance" | "core.approval_task" | "core.attachment" | ... 95 more ... | "ui.user_preference">'.
  Overload 2 of 3, '(callback: SelectCallback<DB, "core.address" | "core.address_link" | "core.approval_comment" | "core.approval_definition" | "core.approval_instance" | "core.approval_task" | "core.attachment" | ... 95 more ... | "ui.user_preference">): SelectQueryBuilder<...>', gave the following error.
    Argument of type 'string[]' is not assignable to parameter of type 'SelectCallback<DB, "core.address" | "core.address_link" | "core.approval_comment" | "core.approval_definition" | "core.approval_instance" | "core.approval_task" | "core.attachment" | ... 95 more ... | "ui.user_preference">'.
      Type 'string[]' provides no match for the signature '(eb: ExpressionBuilder<DB, "core.address" | "core.address_link" | "core.approval_comment" | "core.approval_definition" | "core.approval_instance" | "core.approval_task" | "core.attachment" | ... 95 more ... | "ui.user_preference">): readonly SelectExpression<...>[]'.
  Overload 3 of 3, '(selection: SelectExpression<DB, "core.address" | "core.address_link" | "core.approval_comment" | "core.approval_definition" | "core.approval_instance" | "core.approval_task" | "core.attachment" | ... 95 more ... | "ui.user_preference">): SelectQueryBuilder<...>', gave the following error.
    Argument of type 'string[]' is not assignable to parameter of type 'SelectExpression<DB, "core.address" | "core.address_link" | "core.approval_comment" | "core.approval_definition" | "core.approval_instance" | "core.approval_task" | "core.attachment" | ... 95 more ... | "ui.user_preference">'.
framework/runtime/src/services/platform/policy-rules/evaluation/facts-provider.ts(497,7): error TS2322: Type 'ExtractColumnType<DB, "core.address" | "core.address_link" | "core.approval_comment" | "core.approval_definition" | "core.approval_instance" | "core.approval_task" | "core.attachment" | ... 95 more ... | "ui.user_preference", "name">' is not assignable to type 'string'.
  Type 'null' is not assignable to type 'string'.
framework/runtime/src/services/platform/policy-rules/operation-catalog.service.ts(78,21): error TS2769: No overload matches this call.
  The last overload gave the following error.
    Argument of type '"meta.operation"' is not assignable to parameter of type 'TableExpression<DB, never>'.
framework/runtime/src/services/platform/policy-rules/operation-catalog.service.ts(80,16): error TS2345: Argument of type '"namespace"' is not assignable to parameter of type 'ReferenceExpression<DB, "core.address" | "core.address_link" | "core.approval_comment" | "core.approval_definition" | "core.approval_instance" | "core.approval_task" | "core.attachment" | ... 95 more ... | "ui.user_preference">'.
framework/runtime/src/services/platform/policy-rules/operation-catalog.service.ts(86,23): error TS2345: Argument of type '"meta.operation"' is not assignable to parameter of type '"core.address" | "core.address_link" | "core.approval_comment" | "core.approval_definition" | "core.approval_instance" | "core.approval_task" | "core.attachment" | "core.audit_log" | ... 94 more ... | "ui.user_preference"'.
framework/runtime/src/services/platform/policy-rules/operation-catalog.service.ts(123,19): error TS2769: No overload matches this call.
  The last overload gave the following error.
    Argument of type '"meta.operation"' is not assignable to parameter of type 'TableExpression<DB, never>'.
framework/runtime/src/services/platform/policy-rules/operation-catalog.service.ts(124,8): error TS2769: No overload matches this call.
  Overload 1 of 3, '(selections: readonly SelectExpression<DB, "core.address" | "core.address_link" | "core.approval_comment" | "core.approval_definition" | "core.approval_instance" | "core.approval_task" | "core.attachment" | ... 95 more ... | "ui.user_preference">[]): SelectQueryBuilder<...>', gave the following error.
    Type '"namespace"' is not assignable to type 'SelectExpression<DB, "core.address" | "core.address_link" | "core.approval_comment" | "core.approval_definition" | "core.approval_instance" | "core.approval_task" | "core.attachment" | ... 95 more ... | "ui.user_preference">'.
  Overload 2 of 3, '(callback: SelectCallback<DB, "core.address" | "core.address_link" | "core.approval_comment" | "core.approval_definition" | "core.approval_instance" | "core.approval_task" | "core.attachment" | ... 95 more ... | "ui.user_preference">): SelectQueryBuilder<...>', gave the following error.
    Argument of type 'string[]' is not assignable to parameter of type 'SelectCallback<DB, "core.address" | "core.address_link" | "core.approval_comment" | "core.approval_definition" | "core.approval_instance" | "core.approval_task" | "core.attachment" | ... 95 more ... | "ui.user_preference">'.
      Type 'string[]' provides no match for the signature '(eb: ExpressionBuilder<DB, "core.address" | "core.address_link" | "core.approval_comment" | "core.approval_definition" | "core.approval_instance" | "core.approval_task" | "core.attachment" | ... 95 more ... | "ui.user_preference">): readonly SelectExpression<...>[]'.
  Overload 3 of 3, '(selection: SelectExpression<DB, "core.address" | "core.address_link" | "core.approval_comment" | "core.approval_definition" | "core.approval_instance" | "core.approval_task" | "core.attachment" | ... 95 more ... | "ui.user_preference">): SelectQueryBuilder<...>', gave the following error.
    Argument of type 'string[]' is not assignable to parameter of type 'SelectExpression<DB, "core.address" | "core.address_link" | "core.approval_comment" | "core.approval_definition" | "core.approval_instance" | "core.approval_task" | "core.attachment" | ... 95 more ... | "ui.user_preference">'.
framework/runtime/src/services/platform/policy-rules/operation-catalog.service.ts(141,9): error TS2322: Type 'string | number' is not assignable to type 'string'.
  Type 'number' is not assignable to type 'string'.
framework/runtime/src/services/platform/policy-rules/operation-catalog.service.ts(143,9): error TS2322: Type 'ExtractColumnType<DB, "core.address" | "core.address_link" | "core.approval_comment" | "core.approval_definition" | "core.approval_instance" | "core.approval_task" | "core.attachment" | ... 95 more ... | "ui.user_preference", "code">' is not assignable to type 'string'.
  Type 'null' is not assignable to type 'string'.
framework/runtime/src/services/platform/policy-rules/operation-catalog.service.ts(145,9): error TS2322: Type 'ExtractColumnType<DB, "core.address" | "core.address_link" | "core.approval_comment" | "core.approval_definition" | "core.approval_instance" | "core.approval_task" | "core.attachment" | ... 95 more ... | "ui.user_preference", "name">' is not assignable to type 'string'.
  Type 'null' is not assignable to type 'string'.
framework/runtime/src/services/platform/policy-rules/operation-catalog.service.ts(150,35): error TS2345: Argument of type 'string | number' is not assignable to parameter of type 'string'.
  Type 'number' is not assignable to type 'string'.
framework/runtime/src/services/platform/policy-rules/operation-catalog.service.ts(224,19): error TS2345: Argument of type '"meta.operation"' is not assignable to parameter of type '"core.address" | "core.address_link" | "core.approval_comment" | "core.approval_definition" | "core.approval_instance" | "core.approval_task" | "core.attachment" | "core.audit_log" | ... 94 more ... | "ui.user_preference"'.
framework/runtime/src/services/platform/policy-rules/subject-resolver.service.ts(221,19): error TS2769: No overload matches this call.
  The last overload gave the following error.
    Argument of type '"core.role_binding as rb"' is not assignable to parameter of type 'TableExpression<DB, never>'.
framework/runtime/src/services/platform/policy-rules/subject-resolver.service.ts(222,44): error TS2345: Argument of type '"rb.role_id"' is not assignable to parameter of type 'AnyJoinColumn<DB, "core.address" | "core.address_link" | "core.approval_comment" | "core.approval_definition" | "core.approval_instance" | "core.approval_task" | "core.attachment" | ... 95 more ... | "ui.user_preference", "core.role as r"> | AnyJoinColumnWithTable<...>'.
framework/runtime/src/services/platform/policy-rules/subject-resolver.service.ts(224,14): error TS2345: Argument of type '"rb.tenant_id"' is not assignable to parameter of type 'ReferenceExpression<DB & { r: Role; }, "core.address" | "core.address_link" | "core.approval_comment" | "core.approval_definition" | "core.approval_instance" | "core.approval_task" | ... 97 more ... | "r">'.
framework/runtime/src/services/platform/policy-rules/subject-resolver.service.ts(225,14): error TS2345: Argument of type '"rb.principal_id"' is not assignable to parameter of type 'ReferenceExpression<DB & { r: Role; }, "core.address" | "core.address_link" | "core.approval_comment" | "core.approval_definition" | "core.approval_instance" | "core.approval_task" | ... 97 more ... | "r">'.
framework/runtime/src/services/platform/policy-rules/subject-resolver.service.ts(226,14): error TS2345: Argument of type '"r.is_active"' is not assignable to parameter of type 'ReferenceExpression<DB & { r: Role; }, "core.address" | "core.address_link" | "core.approval_comment" | "core.approval_definition" | "core.approval_instance" | "core.approval_task" | ... 97 more ... | "r">'.
framework/runtime/src/services/platform/policy-rules/subject-resolver.service.ts(228,19): error TS2345: Argument of type '"rb.valid_from"' is not assignable to parameter of type 'ReferenceExpression<DB & { r: Role; }, "core.address" | "core.address_link" | "core.approval_comment" | "core.approval_definition" | "core.approval_instance" | "core.approval_task" | ... 97 more ... | "r">'.
framework/runtime/src/services/platform/policy-rules/subject-resolver.service.ts(228,52): error TS2345: Argument of type '"rb.valid_from"' is not assignable to parameter of type 'ReferenceExpression<DB & { r: Role; }, "core.address" | "core.address_link" | "core.approval_comment" | "core.approval_definition" | "core.approval_instance" | "core.approval_task" | ... 97 more ... | "r">'.
framework/runtime/src/services/platform/policy-rules/subject-resolver.service.ts(231,19): error TS2345: Argument of type '"rb.valid_until"' is not assignable to parameter of type 'ReferenceExpression<DB & { r: Role; }, "core.address" | "core.address_link" | "core.approval_comment" | "core.approval_definition" | "core.approval_instance" | "core.approval_task" | ... 97 more ... | "r">'.
framework/runtime/src/services/platform/policy-rules/subject-resolver.service.ts(231,53): error TS2345: Argument of type '"rb.valid_until"' is not assignable to parameter of type 'ReferenceExpression<DB & { r: Role; }, "core.address" | "core.address_link" | "core.approval_comment" | "core.approval_definition" | "core.approval_instance" | "core.approval_task" | ... 97 more ... | "r">'.
framework/runtime/src/services/platform/policy-rules/subject-resolver.service.ts(249,18): error TS2345: Argument of type '"core.group as g"' is not assignable to parameter of type 'TableExpression<DB & { gm: GroupMember; }, "gm">'.
framework/runtime/src/services/platform/policy-rules/subject-resolver.service.ts(250,8): error TS2349: This expression is not callable.
  Each member of the union type '{ <SE extends SelectExpression<DB & { gm: GroupMember; }, "gm">>(selections: readonly SE[]): SelectQueryBuilder<DB & { gm: GroupMember; }, "gm", { [E in FlattenSelectExpression<SE> as ExtractAliasFromSelectExpression<...>]: SelectType<...>; }>; <CB extends SelectCallback<...>>(callback: CB): SelectQueryBuilder<...>;...' has signatures, but none of those signatures are compatible with each other.
framework/runtime/src/services/platform/policy-rules/subject-resolver.service.ts(254,15): error TS7006: Parameter 'eb' implicitly has an 'any' type.
framework/runtime/src/services/platform/policy-rules/subject-resolver.service.ts(257,15): error TS7006: Parameter 'eb' implicitly has an 'any' type.
framework/runtime/src/services/platform/policy-rules/subject-resolver.service.ts(262,24): error TS7006: Parameter 'g' implicitly has an 'any' type.
framework/runtime/src/services/platform/policy-rules/subject-resolver.service.ts(274,19): error TS2769: No overload matches this call.
  The last overload gave the following error.
    Argument of type '"core.principal_attribute"' is not assignable to parameter of type 'TableExpression<DB, never>'.
framework/runtime/src/services/platform/policy-rules/subject-resolver.service.ts(275,15): error TS2769: No overload matches this call.
  Overload 3 of 3, '(selection: SelectExpression<DB, "core.address" | "core.address_link" | "core.approval_comment" | "core.approval_definition" | "core.approval_instance" | "core.approval_task" | "core.attachment" | ... 95 more ... | "ui.user_preference">): SelectQueryBuilder<...>', gave the following error.
    Argument of type 'string[]' is not assignable to parameter of type 'SelectExpression<DB, "core.address" | "core.address_link" | "core.approval_comment" | "core.approval_definition" | "core.approval_instance" | "core.approval_task" | "core.attachment" | ... 95 more ... | "ui.user_preference">'.
framework/runtime/src/services/platform/policy-rules/subject-resolver.service.ts(278,19): error TS2345: Argument of type '"valid_from"' is not assignable to parameter of type 'ReferenceExpression<DB, "core.address" | "core.address_link" | "core.approval_comment" | "core.approval_definition" | "core.approval_instance" | "core.approval_task" | "core.attachment" | ... 95 more ... | "ui.user_preference">'.
framework/runtime/src/services/platform/policy-rules/subject-resolver.service.ts(278,49): error TS2345: Argument of type '"valid_from"' is not assignable to parameter of type 'ReferenceExpression<DB, "core.address" | "core.address_link" | "core.approval_comment" | "core.approval_definition" | "core.approval_instance" | "core.approval_task" | "core.attachment" | ... 95 more ... | "ui.user_preference">'.
framework/runtime/src/services/platform/policy-rules/subject-resolver.service.ts(281,19): error TS2345: Argument of type '"valid_until"' is not assignable to parameter of type 'ReferenceExpression<DB, "core.address" | "core.address_link" | "core.approval_comment" | "core.approval_definition" | "core.approval_instance" | "core.approval_task" | "core.attachment" | ... 95 more ... | "ui.user_preference">'.
framework/runtime/src/services/platform/policy-rules/subject-resolver.service.ts(281,50): error TS2345: Argument of type '"valid_until"' is not assignable to parameter of type 'ReferenceExpression<DB, "core.address" | "core.address_link" | "core.approval_comment" | "core.approval_definition" | "core.approval_instance" | "core.approval_task" | "core.attachment" | ... 95 more ... | "ui.user_preference">'.
framework/runtime/src/services/platform/policy-rules/subject-resolver.service.ts(295,19): error TS2769: No overload matches this call.
  The last overload gave the following error.
    Argument of type '"core.ou_node"' is not assignable to parameter of type 'TableExpression<DB, never>'.
framework/runtime/src/services/platform/policy-rules/subject-resolver.service.ts(300,5): error TS2322: Type '{ code: ExtractColumnType<DB, "core.address" | "core.address_link" | "core.approval_comment" | "core.approval_definition" | "core.approval_instance" | "core.approval_task" | "core.attachment" | ... 95 more ... | "ui.user_preference", "code">; path: string; id: string | number; } | undefined' is not assignable to type '{ id: string; path: string; code: string; } | undefined'.
  Type '{ code: ExtractColumnType<DB, "core.address" | "core.address_link" | "core.approval_comment" | "core.approval_definition" | "core.approval_instance" | "core.approval_task" | "core.attachment" | ... 95 more ... | "ui.user_preference", "code">; path: string; id: string | number; }' is not assignable to type '{ id: string; path: string; code: string; }'.
    Types of property 'id' are incompatible.
      Type 'string | number' is not assignable to type 'string'.
        Type 'number' is not assignable to type 'string'.
